<?xml version="1.0" encoding="UTF-8"?>
<!-- Generated by org.testng.reporters.JUnitXMLReporter -->
<testsuite hostname="RPC163" name="Default test" tests="68" failures="0" timestamp="16 Nov 2018 08:48:01 GMT" time="1.063" errors="0">
  <testcase name="testcreate_positive" time="0.112" classname="com.objectfrontier.training.java.test.PersonServiceTest"/>
  <testcase name="testcreate_positive" time="0.128" classname="com.objectfrontier.training.java.test.PersonServiceTest"/>
  <testcase name="testcreate_positive" time="0.143" classname="com.objectfrontier.training.java.test.PersonServiceTest"/>
  <testcase name="testcreate_positive" time="0.159" classname="com.objectfrontier.training.java.test.PersonServiceTest"/>
  <testcase name="testcreate_positive" time="0.159" classname="com.objectfrontier.training.java.test.PersonServiceTest"/>
  <testcase name="testcreate_positive" time="0.062" classname="com.objectfrontier.training.java.test.PersonServiceTest"/>
  <testcase name="testcreate_positive" time="0.206" classname="com.objectfrontier.training.java.test.PersonServiceTest"/>
  <testcase name="testcreate_positive" time="0.222" classname="com.objectfrontier.training.java.test.PersonServiceTest"/>
  <testcase name="testcreate_positive" time="0.237" classname="com.objectfrontier.training.java.test.PersonServiceTest"/>
  <testcase name="testcreate_positive" time="0.221" classname="com.objectfrontier.training.java.test.PersonServiceTest"/>
  <testcase name="testcreate_positive" time="0.109" classname="com.objectfrontier.training.java.test.PersonServiceTest"/>
  <testcase name="testcreate_positive" time="0.093" classname="com.objectfrontier.training.java.test.PersonServiceTest"/>
  <testcase name="testcreate_positive" time="0.125" classname="com.objectfrontier.training.java.test.PersonServiceTest"/>
  <testcase name="testcreate_positive" time="0.125" classname="com.objectfrontier.training.java.test.PersonServiceTest"/>
  <testcase name="testcreate_positive" time="0.125" classname="com.objectfrontier.training.java.test.PersonServiceTest"/>
  <testcase name="testcreate_positive" time="0.299" classname="com.objectfrontier.training.java.test.PersonServiceTest"/>
  <testcase name="testcreate_negative" time="0.031" classname="com.objectfrontier.training.java.test.PersonServiceTest"/>
  <testcase name="testcreate_negative" time="0.0" classname="com.objectfrontier.training.java.test.PersonServiceTest"/>
  <testcase name="testread_positive" time="0.015" classname="com.objectfrontier.training.java.test.PersonServiceTest"/>
  <testcase name="testread_positive" time="0.0" classname="com.objectfrontier.training.java.test.PersonServiceTest"/>
  <testcase name="testread_positive" time="0.016" classname="com.objectfrontier.training.java.test.PersonServiceTest"/>
  <testcase name="testread_positive" time="0.015" classname="com.objectfrontier.training.java.test.PersonServiceTest"/>
  <testcase name="testread_positive" time="0.0" classname="com.objectfrontier.training.java.test.PersonServiceTest"/>
  <testcase name="testread_positive" time="0.0" classname="com.objectfrontier.training.java.test.PersonServiceTest"/>
  <testcase name="testread_positive" time="0.016" classname="com.objectfrontier.training.java.test.PersonServiceTest"/>
  <testcase name="testread_positive" time="0.015" classname="com.objectfrontier.training.java.test.PersonServiceTest"/>
  <testcase name="testread_positive" time="0.0" classname="com.objectfrontier.training.java.test.PersonServiceTest"/>
  <testcase name="testread_positive" time="0.016" classname="com.objectfrontier.training.java.test.PersonServiceTest"/>
  <testcase name="testread_positive" time="0.015" classname="com.objectfrontier.training.java.test.PersonServiceTest"/>
  <testcase name="testread_positive" time="0.0" classname="com.objectfrontier.training.java.test.PersonServiceTest"/>
  <testcase name="testread_positive" time="0.016" classname="com.objectfrontier.training.java.test.PersonServiceTest"/>
  <testcase name="testread_positive" time="0.016" classname="com.objectfrontier.training.java.test.PersonServiceTest"/>
  <testcase name="testread_positive" time="0.015" classname="com.objectfrontier.training.java.test.PersonServiceTest"/>
  <testcase name="testread_positive" time="0.016" classname="com.objectfrontier.training.java.test.PersonServiceTest"/>
  <testcase name="testread_negative" time="0.015" classname="com.objectfrontier.training.java.test.PersonServiceTest"/>
  <testcase name="testread_negative" time="0.0" classname="com.objectfrontier.training.java.test.PersonServiceTest"/>
  <testcase name="testread_negative" time="0.016" classname="com.objectfrontier.training.java.test.PersonServiceTest"/>
  <testcase name="testread_negative" time="0.0" classname="com.objectfrontier.training.java.test.PersonServiceTest"/>
  <testcase name="testread_negative" time="0.0" classname="com.objectfrontier.training.java.test.PersonServiceTest"/>
  <testcase name="testread_negative" time="0.015" classname="com.objectfrontier.training.java.test.PersonServiceTest"/>
  <testcase name="testread_negative" time="0.0" classname="com.objectfrontier.training.java.test.PersonServiceTest"/>
  <testcase name="testread_negative" time="0.016" classname="com.objectfrontier.training.java.test.PersonServiceTest"/>
  <testcase name="testread_negative" time="0.0" classname="com.objectfrontier.training.java.test.PersonServiceTest"/>
  <testcase name="testread_negative" time="0.015" classname="com.objectfrontier.training.java.test.PersonServiceTest"/>
  <testcase name="testread_negative" time="0.0" classname="com.objectfrontier.training.java.test.PersonServiceTest"/>
  <testcase name="testread_negative" time="0.001" classname="com.objectfrontier.training.java.test.PersonServiceTest"/>
  <testcase name="testread_negative" time="0.0" classname="com.objectfrontier.training.java.test.PersonServiceTest"/>
  <testcase name="testread_negative" time="0.032" classname="com.objectfrontier.training.java.test.PersonServiceTest"/>
  <testcase name="testread_negative" time="0.0" classname="com.objectfrontier.training.java.test.PersonServiceTest"/>
  <testcase name="testread_negative" time="0.015" classname="com.objectfrontier.training.java.test.PersonServiceTest"/>
  <testcase name="testreadAll" time="0.016" classname="com.objectfrontier.training.java.test.PersonServiceTest"/>
  <testcase name="testupdate_positive" time="0.015" classname="com.objectfrontier.training.java.test.PersonServiceTest"/>
  <testcase name="testupdate_positive" time="0.016" classname="com.objectfrontier.training.java.test.PersonServiceTest"/>
  <testcase name="testupdate_positive" time="0.031" classname="com.objectfrontier.training.java.test.PersonServiceTest"/>
  <testcase name="testupdate_positive" time="0.016" classname="com.objectfrontier.training.java.test.PersonServiceTest"/>
  <testcase name="testupdate_positive" time="0.015" classname="com.objectfrontier.training.java.test.PersonServiceTest"/>
  <testcase name="testupdate_positive" time="0.032" classname="com.objectfrontier.training.java.test.PersonServiceTest"/>
  <testcase name="testupdate_positive" time="0.015" classname="com.objectfrontier.training.java.test.PersonServiceTest"/>
  <testcase name="testupdate_positive" time="0.016" classname="com.objectfrontier.training.java.test.PersonServiceTest"/>
  <testcase name="testupdate_positive" time="0.031" classname="com.objectfrontier.training.java.test.PersonServiceTest"/>
  <testcase name="testupdate_positive" time="0.016" classname="com.objectfrontier.training.java.test.PersonServiceTest"/>
  <testcase name="testupdate_positive" time="0.015" classname="com.objectfrontier.training.java.test.PersonServiceTest"/>
  <testcase name="testupdate_positive" time="0.031" classname="com.objectfrontier.training.java.test.PersonServiceTest"/>
  <testcase name="testupdate_positive" time="0.016" classname="com.objectfrontier.training.java.test.PersonServiceTest"/>
  <testcase name="testupdate_positive" time="0.016" classname="com.objectfrontier.training.java.test.PersonServiceTest"/>
  <testcase name="testupdate_positive" time="0.002" classname="com.objectfrontier.training.java.test.PersonServiceTest"/>
  <testcase name="testupdate_positive" time="0.019" classname="com.objectfrontier.training.java.test.PersonServiceTest"/>
  <testcase name="testupdate_negative" time="0.005" classname="com.objectfrontier.training.java.test.PersonServiceTest"/>
</testsuite> <!-- Default test -->
