<?xml version="1.0" encoding="UTF-8"?>
<!-- Generated by org.testng.reporters.JUnitXMLReporter -->
<testsuite hostname="RPC163" name="Default test" tests="54" failures="0" timestamp="24 Nov 2018 05:22:23 GMT" time="3.538" errors="0">
  <testcase name="@AfterClass releaseDb" time="0.0" classname="com.objectfrontier.training.webservices.test.AddressServiceTest">
    <failure type="com.objectfrontier.training.webservices.service.AppException">
      <![CDATA[com.objectfrontier.training.webservices.service.AppException
	at com.objectfrontier.training.webservices.connection.ConnectionManagement.getDbConnection(ConnectionManagement.java:41)
	at com.objectfrontier.training.webservices.test.AddressServiceTest.releaseDb(AddressServiceTest.java:223)
	at sun.reflect.NativeMethodAccessorImpl.invoke0(Native Method)
	at sun.reflect.NativeMethodAccessorImpl.invoke(NativeMethodAccessorImpl.java:62)
	at sun.reflect.DelegatingMethodAccessorImpl.invoke(DelegatingMethodAccessorImpl.java:43)
	at java.lang.reflect.Method.invoke(Method.java:498)
	at org.testng.internal.MethodInvocationHelper.invokeMethod(MethodInvocationHelper.java:86)
	at org.testng.internal.Invoker.invokeConfigurationMethod(Invoker.java:514)
	at org.testng.internal.Invoker.invokeConfigurations(Invoker.java:215)
	at org.testng.internal.Invoker.invokeConfigurations(Invoker.java:142)
	at org.testng.internal.TestMethodWorker.invokeAfterClassMethods(TestMethodWorker.java:232)
	at org.testng.internal.TestMethodWorker.run(TestMethodWorker.java:115)
	at org.testng.TestRunner.privateRun(TestRunner.java:782)
	at org.testng.TestRunner.run(TestRunner.java:632)
	at org.testng.SuiteRunner.runTest(SuiteRunner.java:366)
	at org.testng.SuiteRunner.runSequentially(SuiteRunner.java:361)
	at org.testng.SuiteRunner.privateRun(SuiteRunner.java:319)
	at org.testng.SuiteRunner.run(SuiteRunner.java:268)
	at org.testng.SuiteRunnerWorker.runSuite(SuiteRunnerWorker.java:52)
	at org.testng.SuiteRunnerWorker.run(SuiteRunnerWorker.java:86)
	at org.testng.TestNG.runSuitesSequentially(TestNG.java:1244)
	at org.testng.TestNG.runSuitesLocally(TestNG.java:1169)
	at org.testng.TestNG.run(TestNG.java:1064)
	at org.testng.remote.AbstractRemoteTestNG.run(AbstractRemoteTestNG.java:114)
	at org.testng.remote.RemoteTestNG.initAndRun(RemoteTestNG.java:251)
	at org.testng.remote.RemoteTestNG.main(RemoteTestNG.java:77)
]]>
    </failure>
  </testcase> <!-- @AfterClass releaseDb -->
  <testcase name="testcreate_positive" time="1.607" classname="com.objectfrontier.training.webservices.test.AddressServiceTest"/>
  <testcase name="testcreate_positive" time="0.036" classname="com.objectfrontier.training.webservices.test.AddressServiceTest"/>
  <testcase name="testcreate_positive" time="0.05" classname="com.objectfrontier.training.webservices.test.AddressServiceTest"/>
  <testcase name="testcreate_positive" time="0.043" classname="com.objectfrontier.training.webservices.test.AddressServiceTest"/>
  <testcase name="testcreate_positive" time="0.028" classname="com.objectfrontier.training.webservices.test.AddressServiceTest"/>
  <testcase name="testcreate_positive" time="0.046" classname="com.objectfrontier.training.webservices.test.AddressServiceTest"/>
  <testcase name="testcreate_positive" time="0.029" classname="com.objectfrontier.training.webservices.test.AddressServiceTest"/>
  <testcase name="testcreate_positive" time="0.029" classname="com.objectfrontier.training.webservices.test.AddressServiceTest"/>
  <testcase name="testcreate_positive" time="0.03" classname="com.objectfrontier.training.webservices.test.AddressServiceTest"/>
  <testcase name="testcreate_positive" time="0.029" classname="com.objectfrontier.training.webservices.test.AddressServiceTest"/>
  <testcase name="testcreate_positive" time="0.029" classname="com.objectfrontier.training.webservices.test.AddressServiceTest"/>
  <testcase name="testcreate_positive" time="0.036" classname="com.objectfrontier.training.webservices.test.AddressServiceTest"/>
  <testcase name="testcreate_positive" time="0.03" classname="com.objectfrontier.training.webservices.test.AddressServiceTest"/>
  <testcase name="testcreate_positive" time="0.028" classname="com.objectfrontier.training.webservices.test.AddressServiceTest"/>
  <testcase name="testcreate_positive" time="0.03" classname="com.objectfrontier.training.webservices.test.AddressServiceTest"/>
  <testcase name="testcreate_positive" time="0.04" classname="com.objectfrontier.training.webservices.test.AddressServiceTest"/>
  <testcase name="testcreate_negative" time="0.04" classname="com.objectfrontier.training.webservices.test.AddressServiceTest"/>
  <testcase name="testcreate_negative" time="0.015" classname="com.objectfrontier.training.webservices.test.AddressServiceTest"/>
  <testcase name="testcreate_negative" time="0.03" classname="com.objectfrontier.training.webservices.test.AddressServiceTest"/>
  <testcase name="testreadAll" time="0.031" classname="com.objectfrontier.training.webservices.test.AddressServiceTest"/>
  <testcase name="testread" time="0.015" classname="com.objectfrontier.training.webservices.test.AddressServiceTest"/>
  <testcase name="testread" time="0.014" classname="com.objectfrontier.training.webservices.test.AddressServiceTest"/>
  <testcase name="testupdate" time="0.018" classname="com.objectfrontier.training.webservices.test.AddressServiceTest"/>
  <testcase name="testupdate" time="0.032" classname="com.objectfrontier.training.webservices.test.AddressServiceTest"/>
  <testcase name="testupdate" time="0.018" classname="com.objectfrontier.training.webservices.test.AddressServiceTest"/>
  <testcase name="testupdate" time="0.028" classname="com.objectfrontier.training.webservices.test.AddressServiceTest"/>
  <testcase name="testupdate" time="0.018" classname="com.objectfrontier.training.webservices.test.AddressServiceTest"/>
  <testcase name="testupdate" time="0.034" classname="com.objectfrontier.training.webservices.test.AddressServiceTest"/>
  <testcase name="testupdate" time="0.017" classname="com.objectfrontier.training.webservices.test.AddressServiceTest"/>
  <testcase name="testupdate" time="0.03" classname="com.objectfrontier.training.webservices.test.AddressServiceTest"/>
  <testcase name="testupdate" time="0.016" classname="com.objectfrontier.training.webservices.test.AddressServiceTest"/>
  <testcase name="testupdate" time="0.042" classname="com.objectfrontier.training.webservices.test.AddressServiceTest"/>
  <testcase name="testupdate" time="0.018" classname="com.objectfrontier.training.webservices.test.AddressServiceTest"/>
  <testcase name="testupdate" time="0.035" classname="com.objectfrontier.training.webservices.test.AddressServiceTest"/>
  <testcase name="testupdate" time="0.016" classname="com.objectfrontier.training.webservices.test.AddressServiceTest"/>
  <testcase name="testupdate" time="0.028" classname="com.objectfrontier.training.webservices.test.AddressServiceTest"/>
  <testcase name="testupdate" time="0.017" classname="com.objectfrontier.training.webservices.test.AddressServiceTest"/>
  <testcase name="testupdate" time="0.029" classname="com.objectfrontier.training.webservices.test.AddressServiceTest"/>
  <testcase name="testdelete" time="0.015" classname="com.objectfrontier.training.webservices.test.AddressServiceTest"/>
  <testcase name="testdelete" time="0.028" classname="com.objectfrontier.training.webservices.test.AddressServiceTest"/>
  <testcase name="testdelete" time="0.016" classname="com.objectfrontier.training.webservices.test.AddressServiceTest"/>
  <testcase name="testdelete" time="0.031" classname="com.objectfrontier.training.webservices.test.AddressServiceTest"/>
  <testcase name="testdelete" time="0.018" classname="com.objectfrontier.training.webservices.test.AddressServiceTest"/>
  <testcase name="testdelete" time="0.036" classname="com.objectfrontier.training.webservices.test.AddressServiceTest"/>
  <testcase name="testdelete" time="0.016" classname="com.objectfrontier.training.webservices.test.AddressServiceTest"/>
  <testcase name="testdelete" time="0.029" classname="com.objectfrontier.training.webservices.test.AddressServiceTest"/>
  <testcase name="testdelete" time="0.018" classname="com.objectfrontier.training.webservices.test.AddressServiceTest"/>
  <testcase name="testdelete" time="0.036" classname="com.objectfrontier.training.webservices.test.AddressServiceTest"/>
  <testcase name="testdelete" time="0.016" classname="com.objectfrontier.training.webservices.test.AddressServiceTest"/>
  <testcase name="testdelete" time="0.029" classname="com.objectfrontier.training.webservices.test.AddressServiceTest"/>
  <testcase name="testdelete" time="0.029" classname="com.objectfrontier.training.webservices.test.AddressServiceTest"/>
  <testcase name="testdelete" time="0.048" classname="com.objectfrontier.training.webservices.test.AddressServiceTest"/>
  <testcase name="testdelete" time="0.024" classname="com.objectfrontier.training.webservices.test.AddressServiceTest"/>
  <testcase name="testdelete" time="0.031" classname="com.objectfrontier.training.webservices.test.AddressServiceTest"/>
</testsuite> <!-- Default test -->
