<?xml version="1.0" encoding="UTF-8"?>
<testng-results skipped="0" failed="0" total="68" passed="68">
  <reporter-output>
  </reporter-output>
  <suite name="Default suite" duration-ms="1063" started-at="2018-11-16T08:48:00Z" finished-at="2018-11-16T08:48:01Z">
    <groups>
    </groups>
    <test name="Default test" duration-ms="1063" started-at="2018-11-16T08:48:00Z" finished-at="2018-11-16T08:48:01Z">
      <class name="com.objectfrontier.training.java.test.PersonServiceTest">
        <test-method status="PASS" signature="init()[pri:0, instance:com.objectfrontier.training.java.test.PersonServiceTest@548e7350]" name="init" is-config="true" duration-ms="32" started-at="2018-11-16T14:18:00Z" finished-at="2018-11-16T14:18:00Z">
          <reporter-output>
          </reporter-output>
        </test-method> <!-- init -->
        <test-method status="PASS" signature="testcreate_positive(com.objectfrontier.training.java.pojo.Person, com.objectfrontier.training.java.pojo.Person)[pri:1, instance:com.objectfrontier.training.java.test.PersonServiceTest@548e7350]" name="testcreate_positive" duration-ms="237" started-at="2018-11-16T14:18:00Z" data-provider="Create_positive" finished-at="2018-11-16T14:18:01Z">
          <params>
            <param index="0">
              <value>
                <![CDATA[, name=Arun, email=arunak283933@gmail.com, dob=23-10-1996, address=, street=kumaran, city=Coimbatore, postal_code=536432]]]]>
              </value>
            </param>
            <param index="1">
              <value>
                <![CDATA[, name=Arun, email=arunak283933@gmail.com, dob=23-10-1996, address=, street=kumaran, city=Coimbatore, postal_code=536432]]]]>
              </value>
            </param>
          </params>
          <reporter-output>
          </reporter-output>
        </test-method> <!-- testcreate_positive -->
        <test-method status="PASS" signature="testcreate_positive(com.objectfrontier.training.java.pojo.Person, com.objectfrontier.training.java.pojo.Person)[pri:1, instance:com.objectfrontier.training.java.test.PersonServiceTest@548e7350]" name="testcreate_positive" duration-ms="128" started-at="2018-11-16T14:18:00Z" data-provider="Create_positive" finished-at="2018-11-16T14:18:01Z">
          <params>
            <param index="0">
              <value>
                <![CDATA[, name=xcg, email=nweaver@sbcglobal.net, dob=23-10-1996, address=, street=kumaran, city=Coimbatore, postal_code=452346]]]]>
              </value>
            </param>
            <param index="1">
              <value>
                <![CDATA[, name=xcg, email=nweaver@sbcglobal.net, dob=23-10-1996, address=, street=kumaran, city=Coimbatore, postal_code=452346]]]]>
              </value>
            </param>
          </params>
          <reporter-output>
          </reporter-output>
        </test-method> <!-- testcreate_positive -->
        <test-method status="PASS" signature="testcreate_positive(com.objectfrontier.training.java.pojo.Person, com.objectfrontier.training.java.pojo.Person)[pri:1, instance:com.objectfrontier.training.java.test.PersonServiceTest@548e7350]" name="testcreate_positive" duration-ms="222" started-at="2018-11-16T14:18:00Z" data-provider="Create_positive" finished-at="2018-11-16T14:18:01Z">
          <params>
            <param index="0">
              <value>
                <![CDATA[, name=gvfzxcv, email=maratb@yahoo.ca, dob=23-10-1996, address=, street=kumaran, city=Coimbatore, postal_code=452347]]]]>
              </value>
            </param>
            <param index="1">
              <value>
                <![CDATA[, name=gvfzxcv, email=maratb@yahoo.ca, dob=23-10-1996, address=, street=kumaran, city=Coimbatore, postal_code=452347]]]]>
              </value>
            </param>
          </params>
          <reporter-output>
          </reporter-output>
        </test-method> <!-- testcreate_positive -->
        <test-method status="PASS" signature="testcreate_positive(com.objectfrontier.training.java.pojo.Person, com.objectfrontier.training.java.pojo.Person)[pri:1, instance:com.objectfrontier.training.java.test.PersonServiceTest@548e7350]" name="testcreate_positive" duration-ms="221" started-at="2018-11-16T14:18:00Z" data-provider="Create_positive" finished-at="2018-11-16T14:18:01Z">
          <params>
            <param index="0">
              <value>
                <![CDATA[, name=asdg, email=johnbob@verizon.net, dob=23-10-1996, address=, street=kumaran, city=Coimbatore, postal_code=452348]]]]>
              </value>
            </param>
            <param index="1">
              <value>
                <![CDATA[, name=asdg, email=johnbob@verizon.net, dob=23-10-1996, address=, street=kumaran, city=Coimbatore, postal_code=452348]]]]>
              </value>
            </param>
          </params>
          <reporter-output>
          </reporter-output>
        </test-method> <!-- testcreate_positive -->
        <test-method status="PASS" signature="testcreate_positive(com.objectfrontier.training.java.pojo.Person, com.objectfrontier.training.java.pojo.Person)[pri:1, instance:com.objectfrontier.training.java.test.PersonServiceTest@548e7350]" name="testcreate_positive" duration-ms="143" started-at="2018-11-16T14:18:00Z" data-provider="Create_positive" finished-at="2018-11-16T14:18:01Z">
          <params>
            <param index="0">
              <value>
                <![CDATA[, name=karthick, email=north@optonline.net, dob=23-10-1996, address=, street=kumaran, city=Coimbatore, postal_code=452345]]]]>
              </value>
            </param>
            <param index="1">
              <value>
                <![CDATA[, name=karthick, email=north@optonline.net, dob=23-10-1996, address=, street=kumaran, city=Coimbatore, postal_code=452345]]]]>
              </value>
            </param>
          </params>
          <reporter-output>
          </reporter-output>
        </test-method> <!-- testcreate_positive -->
        <test-method status="PASS" signature="testcreate_positive(com.objectfrontier.training.java.pojo.Person, com.objectfrontier.training.java.pojo.Person)[pri:1, instance:com.objectfrontier.training.java.test.PersonServiceTest@548e7350]" name="testcreate_positive" duration-ms="159" started-at="2018-11-16T14:18:00Z" data-provider="Create_positive" finished-at="2018-11-16T14:18:01Z">
          <params>
            <param index="0">
              <value>
                <![CDATA[, name=fgserg, email=ryanvm@outlook.com, dob=14-09-1998, address=, street=kumaran, city=Coimbatore, postal_code=452350]]]]>
              </value>
            </param>
            <param index="1">
              <value>
                <![CDATA[, name=fgserg, email=ryanvm@outlook.com, dob=14-09-1998, address=, street=kumaran, city=Coimbatore, postal_code=452350]]]]>
              </value>
            </param>
          </params>
          <reporter-output>
          </reporter-output>
        </test-method> <!-- testcreate_positive -->
        <test-method status="PASS" signature="testcreate_positive(com.objectfrontier.training.java.pojo.Person, com.objectfrontier.training.java.pojo.Person)[pri:1, instance:com.objectfrontier.training.java.test.PersonServiceTest@548e7350]" name="testcreate_positive" duration-ms="299" started-at="2018-11-16T14:18:00Z" data-provider="Create_positive" finished-at="2018-11-16T14:18:01Z">
          <params>
            <param index="0">
              <value>
                <![CDATA[, name=agdvsag, email=dkeeler@att.net, dob=15-09-1998, address=, street=kumaran, city=Coimbatore, postal_code=452351]]]]>
              </value>
            </param>
            <param index="1">
              <value>
                <![CDATA[, name=agdvsag, email=dkeeler@att.net, dob=15-09-1998, address=, street=kumaran, city=Coimbatore, postal_code=452351]]]]>
              </value>
            </param>
          </params>
          <reporter-output>
          </reporter-output>
        </test-method> <!-- testcreate_positive -->
        <test-method status="PASS" signature="testcreate_positive(com.objectfrontier.training.java.pojo.Person, com.objectfrontier.training.java.pojo.Person)[pri:1, instance:com.objectfrontier.training.java.test.PersonServiceTest@548e7350]" name="testcreate_positive" duration-ms="206" started-at="2018-11-16T14:18:00Z" data-provider="Create_positive" finished-at="2018-11-16T14:18:01Z">
          <params>
            <param index="0">
              <value>
                <![CDATA[, name=agdvags, email=marin@att.net, dob=16-09-1998, address=, street=kumaran, city=Coimbatore, postal_code=452352]]]]>
              </value>
            </param>
            <param index="1">
              <value>
                <![CDATA[, name=agdvags, email=marin@att.net, dob=16-09-1998, address=, street=kumaran, city=Coimbatore, postal_code=452352]]]]>
              </value>
            </param>
          </params>
          <reporter-output>
          </reporter-output>
        </test-method> <!-- testcreate_positive -->
        <test-method status="PASS" signature="testcreate_positive(com.objectfrontier.training.java.pojo.Person, com.objectfrontier.training.java.pojo.Person)[pri:1, instance:com.objectfrontier.training.java.test.PersonServiceTest@548e7350]" name="testcreate_positive" duration-ms="159" started-at="2018-11-16T14:18:00Z" data-provider="Create_positive" finished-at="2018-11-16T14:18:01Z">
          <params>
            <param index="0">
              <value>
                <![CDATA[, name=rtgwerg, email=mnemonic@yahoo.ca, dob=13-09-1998, address=, street=kumaran, city=Coimbatore, postal_code=452349]]]]>
              </value>
            </param>
            <param index="1">
              <value>
                <![CDATA[, name=rtgwerg, email=mnemonic@yahoo.ca, dob=13-09-1998, address=, street=kumaran, city=Coimbatore, postal_code=452349]]]]>
              </value>
            </param>
          </params>
          <reporter-output>
          </reporter-output>
        </test-method> <!-- testcreate_positive -->
        <test-method status="PASS" signature="testcreate_positive(com.objectfrontier.training.java.pojo.Person, com.objectfrontier.training.java.pojo.Person)[pri:1, instance:com.objectfrontier.training.java.test.PersonServiceTest@548e7350]" name="testcreate_positive" duration-ms="112" started-at="2018-11-16T14:18:00Z" data-provider="Create_positive" finished-at="2018-11-16T14:18:01Z">
          <params>
            <param index="0">
              <value>
                <![CDATA[, name=assdv, email=osaru@outlook.com, dob=17-09-1998, address=, street=kumaran, city=Coimbatore, postal_code=452353]]]]>
              </value>
            </param>
            <param index="1">
              <value>
                <![CDATA[, name=assdv, email=osaru@outlook.com, dob=17-09-1998, address=, street=kumaran, city=Coimbatore, postal_code=452353]]]]>
              </value>
            </param>
          </params>
          <reporter-output>
          </reporter-output>
        </test-method> <!-- testcreate_positive -->
        <test-method status="PASS" signature="testcreate_positive(com.objectfrontier.training.java.pojo.Person, com.objectfrontier.training.java.pojo.Person)[pri:1, instance:com.objectfrontier.training.java.test.PersonServiceTest@548e7350]" name="testcreate_positive" duration-ms="62" started-at="2018-11-16T14:18:01Z" data-provider="Create_positive" finished-at="2018-11-16T14:18:01Z">
          <params>
            <param index="0">
              <value>
                <![CDATA[, name=asdg, email=murdocj@aol.com, dob=18-09-1998, address=, street=kumaran, city=Coimbatore, postal_code=452354]]]]>
              </value>
            </param>
            <param index="1">
              <value>
                <![CDATA[, name=asdg, email=murdocj@aol.com, dob=18-09-1998, address=, street=kumaran, city=Coimbatore, postal_code=452354]]]]>
              </value>
            </param>
          </params>
          <reporter-output>
          </reporter-output>
        </test-method> <!-- testcreate_positive -->
        <test-method status="PASS" signature="testcreate_positive(com.objectfrontier.training.java.pojo.Person, com.objectfrontier.training.java.pojo.Person)[pri:1, instance:com.objectfrontier.training.java.test.PersonServiceTest@548e7350]" name="testcreate_positive" duration-ms="109" started-at="2018-11-16T14:18:01Z" data-provider="Create_positive" finished-at="2018-11-16T14:18:01Z">
          <params>
            <param index="0">
              <value>
                <![CDATA[, name=asdv, email=jacks@aol.com, dob=19-09-1998, address=, street=kumaran, city=Coimbatore, postal_code=452355]]]]>
              </value>
            </param>
            <param index="1">
              <value>
                <![CDATA[, name=asdv, email=jacks@aol.com, dob=19-09-1998, address=, street=kumaran, city=Coimbatore, postal_code=452355]]]]>
              </value>
            </param>
          </params>
          <reporter-output>
          </reporter-output>
        </test-method> <!-- testcreate_positive -->
        <test-method status="PASS" signature="testcreate_positive(com.objectfrontier.training.java.pojo.Person, com.objectfrontier.training.java.pojo.Person)[pri:1, instance:com.objectfrontier.training.java.test.PersonServiceTest@548e7350]" name="testcreate_positive" duration-ms="125" started-at="2018-11-16T14:18:01Z" data-provider="Create_positive" finished-at="2018-11-16T14:18:01Z">
          <params>
            <param index="0">
              <value>
                <![CDATA[, name=asvd, email=avalon@optonline.net, dob=20-09-1998, address=, street=kumaran, city=Coimbatore, postal_code=452356]]]]>
              </value>
            </param>
            <param index="1">
              <value>
                <![CDATA[, name=asvd, email=avalon@optonline.net, dob=20-09-1998, address=, street=kumaran, city=Coimbatore, postal_code=452356]]]]>
              </value>
            </param>
          </params>
          <reporter-output>
          </reporter-output>
        </test-method> <!-- testcreate_positive -->
        <test-method status="PASS" signature="testcreate_positive(com.objectfrontier.training.java.pojo.Person, com.objectfrontier.training.java.pojo.Person)[pri:1, instance:com.objectfrontier.training.java.test.PersonServiceTest@548e7350]" name="testcreate_positive" duration-ms="125" started-at="2018-11-16T14:18:01Z" data-provider="Create_positive" finished-at="2018-11-16T14:18:01Z">
          <params>
            <param index="0">
              <value>
                <![CDATA[, name=rt, email=matthijs@verizon.net, dob=21-09-1998, address=, street=kumaran, city=Coimbatore, postal_code=452357]]]]>
              </value>
            </param>
            <param index="1">
              <value>
                <![CDATA[, name=rt, email=matthijs@verizon.net, dob=21-09-1998, address=, street=kumaran, city=Coimbatore, postal_code=452357]]]]>
              </value>
            </param>
          </params>
          <reporter-output>
          </reporter-output>
        </test-method> <!-- testcreate_positive -->
        <test-method status="PASS" signature="testcreate_positive(com.objectfrontier.training.java.pojo.Person, com.objectfrontier.training.java.pojo.Person)[pri:1, instance:com.objectfrontier.training.java.test.PersonServiceTest@548e7350]" name="testcreate_positive" duration-ms="93" started-at="2018-11-16T14:18:01Z" data-provider="Create_positive" finished-at="2018-11-16T14:18:01Z">
          <params>
            <param index="0">
              <value>
                <![CDATA[, name=assve, email=cameron@outlook.com, dob=22-09-1998, address=, street=kumaran, city=Coimbatore, postal_code=452358]]]]>
              </value>
            </param>
            <param index="1">
              <value>
                <![CDATA[, name=assve, email=cameron@outlook.com, dob=22-09-1998, address=, street=kumaran, city=Coimbatore, postal_code=452358]]]]>
              </value>
            </param>
          </params>
          <reporter-output>
          </reporter-output>
        </test-method> <!-- testcreate_positive -->
        <test-method status="PASS" signature="testcreate_positive(com.objectfrontier.training.java.pojo.Person, com.objectfrontier.training.java.pojo.Person)[pri:1, instance:com.objectfrontier.training.java.test.PersonServiceTest@548e7350]" name="testcreate_positive" duration-ms="125" started-at="2018-11-16T14:18:01Z" data-provider="Create_positive" finished-at="2018-11-16T14:18:01Z">
          <params>
            <param index="0">
              <value>
                <![CDATA[, name=wert, email=breegster@me.com, dob=23-09-1998, address=, street=kumaran, city=Coimbatore, postal_code=452359]]]]>
              </value>
            </param>
            <param index="1">
              <value>
                <![CDATA[, name=wert, email=breegster@me.com, dob=23-09-1998, address=, street=kumaran, city=Coimbatore, postal_code=452359]]]]>
              </value>
            </param>
          </params>
          <reporter-output>
          </reporter-output>
        </test-method> <!-- testcreate_positive -->
        <test-method status="PASS" signature="testcreate_negative(com.objectfrontier.training.java.pojo.Person)[pri:2, instance:com.objectfrontier.training.java.test.PersonServiceTest@548e7350]" name="testcreate_negative" duration-ms="31" started-at="2018-11-16T14:18:01Z" data-provider="Create_negative" finished-at="2018-11-16T14:18:01Z">
          <params>
            <param index="0">
              <value>
                <![CDATA[, name=first, email=arunak283933@gmail.com, dob=23-10-1996, address=null]]]>
              </value>
            </param>
          </params>
          <reporter-output>
          </reporter-output>
        </test-method> <!-- testcreate_negative -->
        <test-method status="PASS" signature="testcreate_negative(com.objectfrontier.training.java.pojo.Person)[pri:2, instance:com.objectfrontier.training.java.test.PersonServiceTest@548e7350]" name="testcreate_negative" duration-ms="0" started-at="2018-11-16T14:18:01Z" data-provider="Create_negative" finished-at="2018-11-16T14:18:01Z">
          <params>
            <param index="0">
              <value>
                <![CDATA[, name=first, email=arunak28ee3933@gmail.com, dob=null, address=null]]]>
              </value>
            </param>
          </params>
          <reporter-output>
          </reporter-output>
        </test-method> <!-- testcreate_negative -->
        <test-method status="PASS" signature="testread_positive(com.objectfrontier.training.java.pojo.Person)[pri:3, instance:com.objectfrontier.training.java.test.PersonServiceTest@548e7350]" name="testread_positive" duration-ms="15" started-at="2018-11-16T14:18:01Z" data-provider="read_positive" finished-at="2018-11-16T14:18:01Z">
          <params>
            <param index="0">
              <value>
                <![CDATA[, name=Arun, email=arunak283933@gmail.com, dob=23-10-1996, address=, street=kumaran, city=Coimbatore, postal_code=536432]]]]>
              </value>
            </param>
          </params>
          <reporter-output>
          </reporter-output>
        </test-method> <!-- testread_positive -->
        <test-method status="PASS" signature="testread_positive(com.objectfrontier.training.java.pojo.Person)[pri:3, instance:com.objectfrontier.training.java.test.PersonServiceTest@548e7350]" name="testread_positive" duration-ms="0" started-at="2018-11-16T14:18:01Z" data-provider="read_positive" finished-at="2018-11-16T14:18:01Z">
          <params>
            <param index="0">
              <value>
                <![CDATA[, name=karthick, email=north@optonline.net, dob=23-10-1996, address=, street=kumaran, city=Coimbatore, postal_code=452345]]]]>
              </value>
            </param>
          </params>
          <reporter-output>
          </reporter-output>
        </test-method> <!-- testread_positive -->
        <test-method status="PASS" signature="testread_positive(com.objectfrontier.training.java.pojo.Person)[pri:3, instance:com.objectfrontier.training.java.test.PersonServiceTest@548e7350]" name="testread_positive" duration-ms="16" started-at="2018-11-16T14:18:01Z" data-provider="read_positive" finished-at="2018-11-16T14:18:01Z">
          <params>
            <param index="0">
              <value>
                <![CDATA[, name=xcg, email=nweaver@sbcglobal.net, dob=23-10-1996, address=, street=kumaran, city=Coimbatore, postal_code=452346]]]]>
              </value>
            </param>
          </params>
          <reporter-output>
          </reporter-output>
        </test-method> <!-- testread_positive -->
        <test-method status="PASS" signature="testread_positive(com.objectfrontier.training.java.pojo.Person)[pri:3, instance:com.objectfrontier.training.java.test.PersonServiceTest@548e7350]" name="testread_positive" duration-ms="15" started-at="2018-11-16T14:18:01Z" data-provider="read_positive" finished-at="2018-11-16T14:18:01Z">
          <params>
            <param index="0">
              <value>
                <![CDATA[, name=gvfzxcv, email=maratb@yahoo.ca, dob=23-10-1996, address=, street=kumaran, city=Coimbatore, postal_code=452347]]]]>
              </value>
            </param>
          </params>
          <reporter-output>
          </reporter-output>
        </test-method> <!-- testread_positive -->
        <test-method status="PASS" signature="testread_positive(com.objectfrontier.training.java.pojo.Person)[pri:3, instance:com.objectfrontier.training.java.test.PersonServiceTest@548e7350]" name="testread_positive" duration-ms="0" started-at="2018-11-16T14:18:01Z" data-provider="read_positive" finished-at="2018-11-16T14:18:01Z">
          <params>
            <param index="0">
              <value>
                <![CDATA[, name=asdg, email=johnbob@verizon.net, dob=23-10-1996, address=, street=kumaran, city=Coimbatore, postal_code=452348]]]]>
              </value>
            </param>
          </params>
          <reporter-output>
          </reporter-output>
        </test-method> <!-- testread_positive -->
        <test-method status="PASS" signature="testread_positive(com.objectfrontier.training.java.pojo.Person)[pri:3, instance:com.objectfrontier.training.java.test.PersonServiceTest@548e7350]" name="testread_positive" duration-ms="0" started-at="2018-11-16T14:18:01Z" data-provider="read_positive" finished-at="2018-11-16T14:18:01Z">
          <params>
            <param index="0">
              <value>
                <![CDATA[, name=rtgwerg, email=mnemonic@yahoo.ca, dob=13-09-1998, address=, street=kumaran, city=Coimbatore, postal_code=452349]]]]>
              </value>
            </param>
          </params>
          <reporter-output>
          </reporter-output>
        </test-method> <!-- testread_positive -->
        <test-method status="PASS" signature="testread_positive(com.objectfrontier.training.java.pojo.Person)[pri:3, instance:com.objectfrontier.training.java.test.PersonServiceTest@548e7350]" name="testread_positive" duration-ms="16" started-at="2018-11-16T14:18:01Z" data-provider="read_positive" finished-at="2018-11-16T14:18:01Z">
          <params>
            <param index="0">
              <value>
                <![CDATA[, name=fgserg, email=ryanvm@outlook.com, dob=14-09-1998, address=, street=kumaran, city=Coimbatore, postal_code=452350]]]]>
              </value>
            </param>
          </params>
          <reporter-output>
          </reporter-output>
        </test-method> <!-- testread_positive -->
        <test-method status="PASS" signature="testread_positive(com.objectfrontier.training.java.pojo.Person)[pri:3, instance:com.objectfrontier.training.java.test.PersonServiceTest@548e7350]" name="testread_positive" duration-ms="15" started-at="2018-11-16T14:18:01Z" data-provider="read_positive" finished-at="2018-11-16T14:18:01Z">
          <params>
            <param index="0">
              <value>
                <![CDATA[, name=agdvsag, email=dkeeler@att.net, dob=15-09-1998, address=, street=kumaran, city=Coimbatore, postal_code=452351]]]]>
              </value>
            </param>
          </params>
          <reporter-output>
          </reporter-output>
        </test-method> <!-- testread_positive -->
        <test-method status="PASS" signature="testread_positive(com.objectfrontier.training.java.pojo.Person)[pri:3, instance:com.objectfrontier.training.java.test.PersonServiceTest@548e7350]" name="testread_positive" duration-ms="16" started-at="2018-11-16T14:18:01Z" data-provider="read_positive" finished-at="2018-11-16T14:18:01Z">
          <params>
            <param index="0">
              <value>
                <![CDATA[, name=assdv, email=osaru@outlook.com, dob=17-09-1998, address=, street=kumaran, city=Coimbatore, postal_code=452353]]]]>
              </value>
            </param>
          </params>
          <reporter-output>
          </reporter-output>
        </test-method> <!-- testread_positive -->
        <test-method status="PASS" signature="testread_positive(com.objectfrontier.training.java.pojo.Person)[pri:3, instance:com.objectfrontier.training.java.test.PersonServiceTest@548e7350]" name="testread_positive" duration-ms="0" started-at="2018-11-16T14:18:01Z" data-provider="read_positive" finished-at="2018-11-16T14:18:01Z">
          <params>
            <param index="0">
              <value>
                <![CDATA[, name=agdvags, email=marin@att.net, dob=16-09-1998, address=, street=kumaran, city=Coimbatore, postal_code=452352]]]]>
              </value>
            </param>
          </params>
          <reporter-output>
          </reporter-output>
        </test-method> <!-- testread_positive -->
        <test-method status="PASS" signature="testread_positive(com.objectfrontier.training.java.pojo.Person)[pri:3, instance:com.objectfrontier.training.java.test.PersonServiceTest@548e7350]" name="testread_positive" duration-ms="15" started-at="2018-11-16T14:18:01Z" data-provider="read_positive" finished-at="2018-11-16T14:18:01Z">
          <params>
            <param index="0">
              <value>
                <![CDATA[, name=asdg, email=murdocj@aol.com, dob=18-09-1998, address=, street=kumaran, city=Coimbatore, postal_code=452354]]]]>
              </value>
            </param>
          </params>
          <reporter-output>
          </reporter-output>
        </test-method> <!-- testread_positive -->
        <test-method status="PASS" signature="testread_positive(com.objectfrontier.training.java.pojo.Person)[pri:3, instance:com.objectfrontier.training.java.test.PersonServiceTest@548e7350]" name="testread_positive" duration-ms="0" started-at="2018-11-16T14:18:01Z" data-provider="read_positive" finished-at="2018-11-16T14:18:01Z">
          <params>
            <param index="0">
              <value>
                <![CDATA[, name=asdv, email=jacks@aol.com, dob=19-09-1998, address=, street=kumaran, city=Coimbatore, postal_code=452355]]]]>
              </value>
            </param>
          </params>
          <reporter-output>
          </reporter-output>
        </test-method> <!-- testread_positive -->
        <test-method status="PASS" signature="testread_positive(com.objectfrontier.training.java.pojo.Person)[pri:3, instance:com.objectfrontier.training.java.test.PersonServiceTest@548e7350]" name="testread_positive" duration-ms="16" started-at="2018-11-16T14:18:01Z" data-provider="read_positive" finished-at="2018-11-16T14:18:01Z">
          <params>
            <param index="0">
              <value>
                <![CDATA[, name=asvd, email=avalon@optonline.net, dob=20-09-1998, address=, street=kumaran, city=Coimbatore, postal_code=452356]]]]>
              </value>
            </param>
          </params>
          <reporter-output>
          </reporter-output>
        </test-method> <!-- testread_positive -->
        <test-method status="PASS" signature="testread_positive(com.objectfrontier.training.java.pojo.Person)[pri:3, instance:com.objectfrontier.training.java.test.PersonServiceTest@548e7350]" name="testread_positive" duration-ms="16" started-at="2018-11-16T14:18:01Z" data-provider="read_positive" finished-at="2018-11-16T14:18:01Z">
          <params>
            <param index="0">
              <value>
                <![CDATA[, name=rt, email=matthijs@verizon.net, dob=21-09-1998, address=, street=kumaran, city=Coimbatore, postal_code=452357]]]]>
              </value>
            </param>
          </params>
          <reporter-output>
          </reporter-output>
        </test-method> <!-- testread_positive -->
        <test-method status="PASS" signature="testread_positive(com.objectfrontier.training.java.pojo.Person)[pri:3, instance:com.objectfrontier.training.java.test.PersonServiceTest@548e7350]" name="testread_positive" duration-ms="15" started-at="2018-11-16T14:18:01Z" data-provider="read_positive" finished-at="2018-11-16T14:18:01Z">
          <params>
            <param index="0">
              <value>
                <![CDATA[, name=assve, email=cameron@outlook.com, dob=22-09-1998, address=, street=kumaran, city=Coimbatore, postal_code=452358]]]]>
              </value>
            </param>
          </params>
          <reporter-output>
          </reporter-output>
        </test-method> <!-- testread_positive -->
        <test-method status="PASS" signature="testread_positive(com.objectfrontier.training.java.pojo.Person)[pri:3, instance:com.objectfrontier.training.java.test.PersonServiceTest@548e7350]" name="testread_positive" duration-ms="16" started-at="2018-11-16T14:18:01Z" data-provider="read_positive" finished-at="2018-11-16T14:18:01Z">
          <params>
            <param index="0">
              <value>
                <![CDATA[, name=wert, email=breegster@me.com, dob=23-09-1998, address=, street=kumaran, city=Coimbatore, postal_code=452359]]]]>
              </value>
            </param>
          </params>
          <reporter-output>
          </reporter-output>
        </test-method> <!-- testread_positive -->
        <test-method status="PASS" signature="testread_negative(com.objectfrontier.training.java.pojo.Person)[pri:4, instance:com.objectfrontier.training.java.test.PersonServiceTest@548e7350]" name="testread_negative" duration-ms="15" started-at="2018-11-16T14:18:01Z" data-provider="read_negative" finished-at="2018-11-16T14:18:01Z">
          <params>
            <param index="0">
              <value>
                <![CDATA[, name=Arun, email=arunak283933@gmail.com, dob=23-10-1996, address=, street=kumaran, city=Coimbatore, postal_code=536432]]]]>
              </value>
            </param>
          </params>
          <reporter-output>
          </reporter-output>
        </test-method> <!-- testread_negative -->
        <test-method status="PASS" signature="testread_negative(com.objectfrontier.training.java.pojo.Person)[pri:4, instance:com.objectfrontier.training.java.test.PersonServiceTest@548e7350]" name="testread_negative" duration-ms="16" started-at="2018-11-16T14:18:01Z" data-provider="read_negative" finished-at="2018-11-16T14:18:01Z">
          <params>
            <param index="0">
              <value>
                <![CDATA[, name=xcg, email=nweaver@sbcglobal.net, dob=23-10-1996, address=, street=kumaran, city=Coimbatore, postal_code=452346]]]]>
              </value>
            </param>
          </params>
          <reporter-output>
          </reporter-output>
        </test-method> <!-- testread_negative -->
        <test-method status="PASS" signature="testread_negative(com.objectfrontier.training.java.pojo.Person)[pri:4, instance:com.objectfrontier.training.java.test.PersonServiceTest@548e7350]" name="testread_negative" duration-ms="0" started-at="2018-11-16T14:18:01Z" data-provider="read_negative" finished-at="2018-11-16T14:18:01Z">
          <params>
            <param index="0">
              <value>
                <![CDATA[, name=karthick, email=north@optonline.net, dob=23-10-1996, address=, street=kumaran, city=Coimbatore, postal_code=452345]]]]>
              </value>
            </param>
          </params>
          <reporter-output>
          </reporter-output>
        </test-method> <!-- testread_negative -->
        <test-method status="PASS" signature="testread_negative(com.objectfrontier.training.java.pojo.Person)[pri:4, instance:com.objectfrontier.training.java.test.PersonServiceTest@548e7350]" name="testread_negative" duration-ms="0" started-at="2018-11-16T14:18:01Z" data-provider="read_negative" finished-at="2018-11-16T14:18:01Z">
          <params>
            <param index="0">
              <value>
                <![CDATA[, name=gvfzxcv, email=maratb@yahoo.ca, dob=23-10-1996, address=, street=kumaran, city=Coimbatore, postal_code=452347]]]]>
              </value>
            </param>
          </params>
          <reporter-output>
          </reporter-output>
        </test-method> <!-- testread_negative -->
        <test-method status="PASS" signature="testread_negative(com.objectfrontier.training.java.pojo.Person)[pri:4, instance:com.objectfrontier.training.java.test.PersonServiceTest@548e7350]" name="testread_negative" duration-ms="15" started-at="2018-11-16T14:18:01Z" data-provider="read_negative" finished-at="2018-11-16T14:18:01Z">
          <params>
            <param index="0">
              <value>
                <![CDATA[, name=rtgwerg, email=mnemonic@yahoo.ca, dob=13-09-1998, address=, street=kumaran, city=Coimbatore, postal_code=452349]]]]>
              </value>
            </param>
          </params>
          <reporter-output>
          </reporter-output>
        </test-method> <!-- testread_negative -->
        <test-method status="PASS" signature="testread_negative(com.objectfrontier.training.java.pojo.Person)[pri:4, instance:com.objectfrontier.training.java.test.PersonServiceTest@548e7350]" name="testread_negative" duration-ms="0" started-at="2018-11-16T14:18:01Z" data-provider="read_negative" finished-at="2018-11-16T14:18:01Z">
          <params>
            <param index="0">
              <value>
                <![CDATA[, name=asdg, email=johnbob@verizon.net, dob=23-10-1996, address=, street=kumaran, city=Coimbatore, postal_code=452348]]]]>
              </value>
            </param>
          </params>
          <reporter-output>
          </reporter-output>
        </test-method> <!-- testread_negative -->
        <test-method status="PASS" signature="testread_negative(com.objectfrontier.training.java.pojo.Person)[pri:4, instance:com.objectfrontier.training.java.test.PersonServiceTest@548e7350]" name="testread_negative" duration-ms="16" started-at="2018-11-16T14:18:01Z" data-provider="read_negative" finished-at="2018-11-16T14:18:01Z">
          <params>
            <param index="0">
              <value>
                <![CDATA[, name=agdvsag, email=dkeeler@att.net, dob=15-09-1998, address=, street=kumaran, city=Coimbatore, postal_code=452351]]]]>
              </value>
            </param>
          </params>
          <reporter-output>
          </reporter-output>
        </test-method> <!-- testread_negative -->
        <test-method status="PASS" signature="testread_negative(com.objectfrontier.training.java.pojo.Person)[pri:4, instance:com.objectfrontier.training.java.test.PersonServiceTest@548e7350]" name="testread_negative" duration-ms="0" started-at="2018-11-16T14:18:01Z" data-provider="read_negative" finished-at="2018-11-16T14:18:01Z">
          <params>
            <param index="0">
              <value>
                <![CDATA[, name=fgserg, email=ryanvm@outlook.com, dob=14-09-1998, address=, street=kumaran, city=Coimbatore, postal_code=452350]]]]>
              </value>
            </param>
          </params>
          <reporter-output>
          </reporter-output>
        </test-method> <!-- testread_negative -->
        <test-method status="PASS" signature="testread_negative(com.objectfrontier.training.java.pojo.Person)[pri:4, instance:com.objectfrontier.training.java.test.PersonServiceTest@548e7350]" name="testread_negative" duration-ms="15" started-at="2018-11-16T14:18:01Z" data-provider="read_negative" finished-at="2018-11-16T14:18:01Z">
          <params>
            <param index="0">
              <value>
                <![CDATA[, name=assdv, email=osaru@outlook.com, dob=17-09-1998, address=, street=kumaran, city=Coimbatore, postal_code=452353]]]]>
              </value>
            </param>
          </params>
          <reporter-output>
          </reporter-output>
        </test-method> <!-- testread_negative -->
        <test-method status="PASS" signature="testread_negative(com.objectfrontier.training.java.pojo.Person)[pri:4, instance:com.objectfrontier.training.java.test.PersonServiceTest@548e7350]" name="testread_negative" duration-ms="0" started-at="2018-11-16T14:18:01Z" data-provider="read_negative" finished-at="2018-11-16T14:18:01Z">
          <params>
            <param index="0">
              <value>
                <![CDATA[, name=agdvags, email=marin@att.net, dob=16-09-1998, address=, street=kumaran, city=Coimbatore, postal_code=452352]]]]>
              </value>
            </param>
          </params>
          <reporter-output>
          </reporter-output>
        </test-method> <!-- testread_negative -->
        <test-method status="PASS" signature="testread_negative(com.objectfrontier.training.java.pojo.Person)[pri:4, instance:com.objectfrontier.training.java.test.PersonServiceTest@548e7350]" name="testread_negative" duration-ms="1" started-at="2018-11-16T14:18:01Z" data-provider="read_negative" finished-at="2018-11-16T14:18:01Z">
          <params>
            <param index="0">
              <value>
                <![CDATA[, name=asdv, email=jacks@aol.com, dob=19-09-1998, address=, street=kumaran, city=Coimbatore, postal_code=452355]]]]>
              </value>
            </param>
          </params>
          <reporter-output>
          </reporter-output>
        </test-method> <!-- testread_negative -->
        <test-method status="PASS" signature="testread_negative(com.objectfrontier.training.java.pojo.Person)[pri:4, instance:com.objectfrontier.training.java.test.PersonServiceTest@548e7350]" name="testread_negative" duration-ms="0" started-at="2018-11-16T14:18:01Z" data-provider="read_negative" finished-at="2018-11-16T14:18:01Z">
          <params>
            <param index="0">
              <value>
                <![CDATA[, name=asdg, email=murdocj@aol.com, dob=18-09-1998, address=, street=kumaran, city=Coimbatore, postal_code=452354]]]]>
              </value>
            </param>
          </params>
          <reporter-output>
          </reporter-output>
        </test-method> <!-- testread_negative -->
        <test-method status="PASS" signature="testread_negative(com.objectfrontier.training.java.pojo.Person)[pri:4, instance:com.objectfrontier.training.java.test.PersonServiceTest@548e7350]" name="testread_negative" duration-ms="32" started-at="2018-11-16T14:18:01Z" data-provider="read_negative" finished-at="2018-11-16T14:18:01Z">
          <params>
            <param index="0">
              <value>
                <![CDATA[, name=rt, email=matthijs@verizon.net, dob=21-09-1998, address=, street=kumaran, city=Coimbatore, postal_code=452357]]]]>
              </value>
            </param>
          </params>
          <reporter-output>
          </reporter-output>
        </test-method> <!-- testread_negative -->
        <test-method status="PASS" signature="testread_negative(com.objectfrontier.training.java.pojo.Person)[pri:4, instance:com.objectfrontier.training.java.test.PersonServiceTest@548e7350]" name="testread_negative" duration-ms="0" started-at="2018-11-16T14:18:01Z" data-provider="read_negative" finished-at="2018-11-16T14:18:01Z">
          <params>
            <param index="0">
              <value>
                <![CDATA[, name=asvd, email=avalon@optonline.net, dob=20-09-1998, address=, street=kumaran, city=Coimbatore, postal_code=452356]]]]>
              </value>
            </param>
          </params>
          <reporter-output>
          </reporter-output>
        </test-method> <!-- testread_negative -->
        <test-method status="PASS" signature="testread_negative(com.objectfrontier.training.java.pojo.Person)[pri:4, instance:com.objectfrontier.training.java.test.PersonServiceTest@548e7350]" name="testread_negative" duration-ms="0" started-at="2018-11-16T14:18:01Z" data-provider="read_negative" finished-at="2018-11-16T14:18:01Z">
          <params>
            <param index="0">
              <value>
                <![CDATA[, name=assve, email=cameron@outlook.com, dob=22-09-1998, address=, street=kumaran, city=Coimbatore, postal_code=452358]]]]>
              </value>
            </param>
          </params>
          <reporter-output>
          </reporter-output>
        </test-method> <!-- testread_negative -->
        <test-method status="PASS" signature="testread_negative(com.objectfrontier.training.java.pojo.Person)[pri:4, instance:com.objectfrontier.training.java.test.PersonServiceTest@548e7350]" name="testread_negative" duration-ms="15" started-at="2018-11-16T14:18:01Z" data-provider="read_negative" finished-at="2018-11-16T14:18:01Z">
          <params>
            <param index="0">
              <value>
                <![CDATA[, name=wert, email=breegster@me.com, dob=23-09-1998, address=, street=kumaran, city=Coimbatore, postal_code=452359]]]]>
              </value>
            </param>
          </params>
          <reporter-output>
          </reporter-output>
        </test-method> <!-- testread_negative -->
        <test-method status="PASS" signature="testreadAll(java.sql.Connection)[pri:5, instance:com.objectfrontier.training.java.test.PersonServiceTest@548e7350]" name="testreadAll" duration-ms="16" started-at="2018-11-16T14:18:01Z" data-provider="readAll" finished-at="2018-11-16T14:18:01Z">
          <params>
            <param index="0">
              <value>
                <![CDATA[HikariProxyConnection@103887628 wrapping com.zaxxer.hikari.pool.ProxyConnection.ClosedConnection]]>
              </value>
            </param>
          </params>
          <reporter-output>
          </reporter-output>
        </test-method> <!-- testreadAll -->
        <test-method status="PASS" signature="testupdate_positive(com.objectfrontier.training.java.pojo.Person, boolean)[pri:6, instance:com.objectfrontier.training.java.test.PersonServiceTest@548e7350]" name="testupdate_positive" duration-ms="15" started-at="2018-11-16T14:18:01Z" data-provider="update_positive" finished-at="2018-11-16T14:18:01Z">
          <params>
            <param index="0">
              <value>
                <![CDATA[, name=assdv, email=osaru@outlook.com, dob=17-09-1998, address=, street=null, city=null, postal_code=0]]]]>
              </value>
            </param>
            <param index="1">
              <value>
                <![CDATA[true]]>
              </value>
            </param>
          </params>
          <reporter-output>
          </reporter-output>
        </test-method> <!-- testupdate_positive -->
        <test-method status="PASS" signature="testupdate_positive(com.objectfrontier.training.java.pojo.Person, boolean)[pri:6, instance:com.objectfrontier.training.java.test.PersonServiceTest@548e7350]" name="testupdate_positive" duration-ms="16" started-at="2018-11-16T14:18:01Z" data-provider="update_positive" finished-at="2018-11-16T14:18:01Z">
          <params>
            <param index="0">
              <value>
                <![CDATA[, name=xcg, email=nweaver@sbcglobal.net, dob=23-10-1996, address=, street=null, city=null, postal_code=0]]]]>
              </value>
            </param>
            <param index="1">
              <value>
                <![CDATA[true]]>
              </value>
            </param>
          </params>
          <reporter-output>
          </reporter-output>
        </test-method> <!-- testupdate_positive -->
        <test-method status="PASS" signature="testupdate_positive(com.objectfrontier.training.java.pojo.Person, boolean)[pri:6, instance:com.objectfrontier.training.java.test.PersonServiceTest@548e7350]" name="testupdate_positive" duration-ms="31" started-at="2018-11-16T14:18:01Z" data-provider="update_positive" finished-at="2018-11-16T14:18:01Z">
          <params>
            <param index="0">
              <value>
                <![CDATA[, name=rtgwerg, email=mnemonic@yahoo.ca, dob=13-09-1998, address=, street=null, city=null, postal_code=0]]]]>
              </value>
            </param>
            <param index="1">
              <value>
                <![CDATA[true]]>
              </value>
            </param>
          </params>
          <reporter-output>
          </reporter-output>
        </test-method> <!-- testupdate_positive -->
        <test-method status="PASS" signature="testupdate_positive(com.objectfrontier.training.java.pojo.Person, boolean)[pri:6, instance:com.objectfrontier.training.java.test.PersonServiceTest@548e7350]" name="testupdate_positive" duration-ms="16" started-at="2018-11-16T14:18:01Z" data-provider="update_positive" finished-at="2018-11-16T14:18:01Z">
          <params>
            <param index="0">
              <value>
                <![CDATA[, name=karthick, email=north@optonline.net, dob=23-10-1996, address=, street=null, city=null, postal_code=0]]]]>
              </value>
            </param>
            <param index="1">
              <value>
                <![CDATA[true]]>
              </value>
            </param>
          </params>
          <reporter-output>
          </reporter-output>
        </test-method> <!-- testupdate_positive -->
        <test-method status="PASS" signature="testupdate_positive(com.objectfrontier.training.java.pojo.Person, boolean)[pri:6, instance:com.objectfrontier.training.java.test.PersonServiceTest@548e7350]" name="testupdate_positive" duration-ms="15" started-at="2018-11-16T14:18:01Z" data-provider="update_positive" finished-at="2018-11-16T14:18:01Z">
          <params>
            <param index="0">
              <value>
                <![CDATA[, name=fgserg, email=ryanvm@outlook.com, dob=14-09-1998, address=, street=null, city=null, postal_code=0]]]]>
              </value>
            </param>
            <param index="1">
              <value>
                <![CDATA[true]]>
              </value>
            </param>
          </params>
          <reporter-output>
          </reporter-output>
        </test-method> <!-- testupdate_positive -->
        <test-method status="PASS" signature="testupdate_positive(com.objectfrontier.training.java.pojo.Person, boolean)[pri:6, instance:com.objectfrontier.training.java.test.PersonServiceTest@548e7350]" name="testupdate_positive" duration-ms="32" started-at="2018-11-16T14:18:01Z" data-provider="update_positive" finished-at="2018-11-16T14:18:01Z">
          <params>
            <param index="0">
              <value>
                <![CDATA[, name=asdg, email=murdocj@aol.com, dob=18-09-1998, address=, street=null, city=null, postal_code=0]]]]>
              </value>
            </param>
            <param index="1">
              <value>
                <![CDATA[true]]>
              </value>
            </param>
          </params>
          <reporter-output>
          </reporter-output>
        </test-method> <!-- testupdate_positive -->
        <test-method status="PASS" signature="testupdate_positive(com.objectfrontier.training.java.pojo.Person, boolean)[pri:6, instance:com.objectfrontier.training.java.test.PersonServiceTest@548e7350]" name="testupdate_positive" duration-ms="15" started-at="2018-11-16T14:18:01Z" data-provider="update_positive" finished-at="2018-11-16T14:18:01Z">
          <params>
            <param index="0">
              <value>
                <![CDATA[, name=agdvags, email=marin@att.net, dob=16-09-1998, address=, street=null, city=null, postal_code=0]]]]>
              </value>
            </param>
            <param index="1">
              <value>
                <![CDATA[true]]>
              </value>
            </param>
          </params>
          <reporter-output>
          </reporter-output>
        </test-method> <!-- testupdate_positive -->
        <test-method status="PASS" signature="testupdate_positive(com.objectfrontier.training.java.pojo.Person, boolean)[pri:6, instance:com.objectfrontier.training.java.test.PersonServiceTest@548e7350]" name="testupdate_positive" duration-ms="16" started-at="2018-11-16T14:18:01Z" data-provider="update_positive" finished-at="2018-11-16T14:18:01Z">
          <params>
            <param index="0">
              <value>
                <![CDATA[, name=gvfzxcv, email=maratb@yahoo.ca, dob=23-10-1996, address=, street=null, city=null, postal_code=0]]]]>
              </value>
            </param>
            <param index="1">
              <value>
                <![CDATA[true]]>
              </value>
            </param>
          </params>
          <reporter-output>
          </reporter-output>
        </test-method> <!-- testupdate_positive -->
        <test-method status="PASS" signature="testupdate_positive(com.objectfrontier.training.java.pojo.Person, boolean)[pri:6, instance:com.objectfrontier.training.java.test.PersonServiceTest@548e7350]" name="testupdate_positive" duration-ms="31" started-at="2018-11-16T14:18:01Z" data-provider="update_positive" finished-at="2018-11-16T14:18:01Z">
          <params>
            <param index="0">
              <value>
                <![CDATA[, name=Arun, email=arunak283933@gmail.com, dob=23-10-1996, address=, street=null, city=null, postal_code=0]]]]>
              </value>
            </param>
            <param index="1">
              <value>
                <![CDATA[true]]>
              </value>
            </param>
          </params>
          <reporter-output>
          </reporter-output>
        </test-method> <!-- testupdate_positive -->
        <test-method status="PASS" signature="testupdate_positive(com.objectfrontier.training.java.pojo.Person, boolean)[pri:6, instance:com.objectfrontier.training.java.test.PersonServiceTest@548e7350]" name="testupdate_positive" duration-ms="16" started-at="2018-11-16T14:18:01Z" data-provider="update_positive" finished-at="2018-11-16T14:18:01Z">
          <params>
            <param index="0">
              <value>
                <![CDATA[, name=asdg, email=johnbob@verizon.net, dob=23-10-1996, address=, street=null, city=null, postal_code=0]]]]>
              </value>
            </param>
            <param index="1">
              <value>
                <![CDATA[true]]>
              </value>
            </param>
          </params>
          <reporter-output>
          </reporter-output>
        </test-method> <!-- testupdate_positive -->
        <test-method status="PASS" signature="testupdate_positive(com.objectfrontier.training.java.pojo.Person, boolean)[pri:6, instance:com.objectfrontier.training.java.test.PersonServiceTest@548e7350]" name="testupdate_positive" duration-ms="15" started-at="2018-11-16T14:18:01Z" data-provider="update_positive" finished-at="2018-11-16T14:18:01Z">
          <params>
            <param index="0">
              <value>
                <![CDATA[, name=asdv, email=jacks@aol.com, dob=19-09-1998, address=, street=null, city=null, postal_code=0]]]]>
              </value>
            </param>
            <param index="1">
              <value>
                <![CDATA[true]]>
              </value>
            </param>
          </params>
          <reporter-output>
          </reporter-output>
        </test-method> <!-- testupdate_positive -->
        <test-method status="PASS" signature="testupdate_positive(com.objectfrontier.training.java.pojo.Person, boolean)[pri:6, instance:com.objectfrontier.training.java.test.PersonServiceTest@548e7350]" name="testupdate_positive" duration-ms="31" started-at="2018-11-16T14:18:01Z" data-provider="update_positive" finished-at="2018-11-16T14:18:01Z">
          <params>
            <param index="0">
              <value>
                <![CDATA[, name=assve, email=cameron@outlook.com, dob=22-09-1998, address=, street=null, city=null, postal_code=0]]]]>
              </value>
            </param>
            <param index="1">
              <value>
                <![CDATA[true]]>
              </value>
            </param>
          </params>
          <reporter-output>
          </reporter-output>
        </test-method> <!-- testupdate_positive -->
        <test-method status="PASS" signature="testupdate_positive(com.objectfrontier.training.java.pojo.Person, boolean)[pri:6, instance:com.objectfrontier.training.java.test.PersonServiceTest@548e7350]" name="testupdate_positive" duration-ms="16" started-at="2018-11-16T14:18:01Z" data-provider="update_positive" finished-at="2018-11-16T14:18:01Z">
          <params>
            <param index="0">
              <value>
                <![CDATA[, name=asvd, email=avalon@optonline.net, dob=20-09-1998, address=, street=null, city=null, postal_code=0]]]]>
              </value>
            </param>
            <param index="1">
              <value>
                <![CDATA[true]]>
              </value>
            </param>
          </params>
          <reporter-output>
          </reporter-output>
        </test-method> <!-- testupdate_positive -->
        <test-method status="PASS" signature="testupdate_positive(com.objectfrontier.training.java.pojo.Person, boolean)[pri:6, instance:com.objectfrontier.training.java.test.PersonServiceTest@548e7350]" name="testupdate_positive" duration-ms="16" started-at="2018-11-16T14:18:01Z" data-provider="update_positive" finished-at="2018-11-16T14:18:01Z">
          <params>
            <param index="0">
              <value>
                <![CDATA[, name=rt, email=matthijs@verizon.net, dob=21-09-1998, address=, street=null, city=null, postal_code=0]]]]>
              </value>
            </param>
            <param index="1">
              <value>
                <![CDATA[true]]>
              </value>
            </param>
          </params>
          <reporter-output>
          </reporter-output>
        </test-method> <!-- testupdate_positive -->
        <test-method status="PASS" signature="testupdate_positive(com.objectfrontier.training.java.pojo.Person, boolean)[pri:6, instance:com.objectfrontier.training.java.test.PersonServiceTest@548e7350]" name="testupdate_positive" duration-ms="2" started-at="2018-11-16T14:18:01Z" data-provider="update_positive" finished-at="2018-11-16T14:18:01Z">
          <params>
            <param index="0">
              <value>
                <![CDATA[, name=wert, email=breegster@me.com, dob=23-09-1998, address=, street=null, city=null, postal_code=0]]]]>
              </value>
            </param>
            <param index="1">
              <value>
                <![CDATA[true]]>
              </value>
            </param>
          </params>
          <reporter-output>
          </reporter-output>
        </test-method> <!-- testupdate_positive -->
        <test-method status="PASS" signature="testupdate_positive(com.objectfrontier.training.java.pojo.Person, boolean)[pri:6, instance:com.objectfrontier.training.java.test.PersonServiceTest@548e7350]" name="testupdate_positive" duration-ms="19" started-at="2018-11-16T14:18:01Z" data-provider="update_positive" finished-at="2018-11-16T14:18:01Z">
          <params>
            <param index="0">
              <value>
                <![CDATA[, name=agdvsag, email=dkeeler@att.net, dob=15-09-1998, address=, street=null, city=null, postal_code=0]]]]>
              </value>
            </param>
            <param index="1">
              <value>
                <![CDATA[true]]>
              </value>
            </param>
          </params>
          <reporter-output>
          </reporter-output>
        </test-method> <!-- testupdate_positive -->
        <test-method status="PASS" signature="testupdate_negative(com.objectfrontier.training.java.pojo.Person)[pri:7, instance:com.objectfrontier.training.java.test.PersonServiceTest@548e7350]" name="testupdate_negative" duration-ms="5" started-at="2018-11-16T14:18:01Z" data-provider="update_negative" finished-at="2018-11-16T14:18:01Z">
          <params>
            <param index="0">
              <value>
                <![CDATA[, name=first, email=arunak28ee3933@gmail.com, dob=null, address=null]]]>
              </value>
            </param>
          </params>
          <reporter-output>
          </reporter-output>
        </test-method> <!-- testupdate_negative -->
        <test-method status="PASS" signature="releaseDb()[pri:0, instance:com.objectfrontier.training.java.test.PersonServiceTest@548e7350]" name="releaseDb" is-config="true" duration-ms="0" started-at="2018-11-16T14:18:01Z" finished-at="2018-11-16T14:18:01Z">
          <reporter-output>
          </reporter-output>
        </test-method> <!-- releaseDb -->
      </class> <!-- com.objectfrontier.training.java.test.PersonServiceTest -->
    </test> <!-- Default test -->
  </suite> <!-- Default suite -->
</testng-results>
