<?xml version="1.0" encoding="UTF-8"?>
<testng-results skipped="0" failed="0" total="54" passed="54">
  <reporter-output>
  </reporter-output>
  <suite name="Default suite" duration-ms="3538" started-at="2018-11-24T05:22:19Z" finished-at="2018-11-24T05:22:23Z">
    <groups>
    </groups>
    <test name="Default test" duration-ms="3538" started-at="2018-11-24T05:22:19Z" finished-at="2018-11-24T05:22:23Z">
      <class name="com.objectfrontier.training.webservices.test.AddressServiceTest">
        <test-method status="PASS" signature="init()[pri:0, instance:com.objectfrontier.training.webservices.test.AddressServiceTest@32e6e9c3]" name="init" is-config="true" duration-ms="24" started-at="2018-11-24T10:52:19Z" finished-at="2018-11-24T10:52:19Z">
          <reporter-output>
          </reporter-output>
        </test-method> <!-- init -->
        <test-method status="PASS" signature="testcreate_positive(com.objectfrontier.training.webservices.pojo.Address, com.objectfrontier.training.webservices.pojo.Address)[pri:1, instance:com.objectfrontier.training.webservices.test.AddressServiceTest@32e6e9c3]" name="testcreate_positive" duration-ms="1607" started-at="2018-11-24T10:52:19Z" data-provider="Create_positive" finished-at="2018-11-24T10:52:21Z">
          <params>
            <param index="0">
              <value>
                <![CDATA[Address [id=0, street=kumaran, city=Coimbatore, postal_code=536432]]]>
              </value>
            </param>
            <param index="1">
              <value>
                <![CDATA[Address [id=0, street=kumaran, city=Coimbatore, postal_code=536432]]]>
              </value>
            </param>
          </params>
          <reporter-output>
          </reporter-output>
        </test-method> <!-- testcreate_positive -->
        <test-method status="PASS" signature="testcreate_positive(com.objectfrontier.training.webservices.pojo.Address, com.objectfrontier.training.webservices.pojo.Address)[pri:1, instance:com.objectfrontier.training.webservices.test.AddressServiceTest@32e6e9c3]" name="testcreate_positive" duration-ms="36" started-at="2018-11-24T10:52:21Z" data-provider="Create_positive" finished-at="2018-11-24T10:52:21Z">
          <params>
            <param index="0">
              <value>
                <![CDATA[Address [id=0, street=kumaran, city=Coimbatore, postal_code=452345]]]>
              </value>
            </param>
            <param index="1">
              <value>
                <![CDATA[Address [id=0, street=kumaran, city=Coimbatore, postal_code=452345]]]>
              </value>
            </param>
          </params>
          <reporter-output>
          </reporter-output>
        </test-method> <!-- testcreate_positive -->
        <test-method status="PASS" signature="testcreate_positive(com.objectfrontier.training.webservices.pojo.Address, com.objectfrontier.training.webservices.pojo.Address)[pri:1, instance:com.objectfrontier.training.webservices.test.AddressServiceTest@32e6e9c3]" name="testcreate_positive" duration-ms="50" started-at="2018-11-24T10:52:21Z" data-provider="Create_positive" finished-at="2018-11-24T10:52:21Z">
          <params>
            <param index="0">
              <value>
                <![CDATA[Address [id=0, street=kumaran, city=Coimbatore, postal_code=452346]]]>
              </value>
            </param>
            <param index="1">
              <value>
                <![CDATA[Address [id=0, street=kumaran, city=Coimbatore, postal_code=452346]]]>
              </value>
            </param>
          </params>
          <reporter-output>
          </reporter-output>
        </test-method> <!-- testcreate_positive -->
        <test-method status="PASS" signature="testcreate_positive(com.objectfrontier.training.webservices.pojo.Address, com.objectfrontier.training.webservices.pojo.Address)[pri:1, instance:com.objectfrontier.training.webservices.test.AddressServiceTest@32e6e9c3]" name="testcreate_positive" duration-ms="43" started-at="2018-11-24T10:52:21Z" data-provider="Create_positive" finished-at="2018-11-24T10:52:21Z">
          <params>
            <param index="0">
              <value>
                <![CDATA[Address [id=0, street=kumaran, city=Coimbatore, postal_code=452347]]]>
              </value>
            </param>
            <param index="1">
              <value>
                <![CDATA[Address [id=0, street=kumaran, city=Coimbatore, postal_code=452347]]]>
              </value>
            </param>
          </params>
          <reporter-output>
          </reporter-output>
        </test-method> <!-- testcreate_positive -->
        <test-method status="PASS" signature="testcreate_positive(com.objectfrontier.training.webservices.pojo.Address, com.objectfrontier.training.webservices.pojo.Address)[pri:1, instance:com.objectfrontier.training.webservices.test.AddressServiceTest@32e6e9c3]" name="testcreate_positive" duration-ms="28" started-at="2018-11-24T10:52:21Z" data-provider="Create_positive" finished-at="2018-11-24T10:52:21Z">
          <params>
            <param index="0">
              <value>
                <![CDATA[Address [id=0, street=kumaran, city=Coimbatore, postal_code=452348]]]>
              </value>
            </param>
            <param index="1">
              <value>
                <![CDATA[Address [id=0, street=kumaran, city=Coimbatore, postal_code=452348]]]>
              </value>
            </param>
          </params>
          <reporter-output>
          </reporter-output>
        </test-method> <!-- testcreate_positive -->
        <test-method status="PASS" signature="testcreate_positive(com.objectfrontier.training.webservices.pojo.Address, com.objectfrontier.training.webservices.pojo.Address)[pri:1, instance:com.objectfrontier.training.webservices.test.AddressServiceTest@32e6e9c3]" name="testcreate_positive" duration-ms="46" started-at="2018-11-24T10:52:21Z" data-provider="Create_positive" finished-at="2018-11-24T10:52:21Z">
          <params>
            <param index="0">
              <value>
                <![CDATA[Address [id=0, street=kumaran, city=Coimbatore, postal_code=452349]]]>
              </value>
            </param>
            <param index="1">
              <value>
                <![CDATA[Address [id=0, street=kumaran, city=Coimbatore, postal_code=452349]]]>
              </value>
            </param>
          </params>
          <reporter-output>
          </reporter-output>
        </test-method> <!-- testcreate_positive -->
        <test-method status="PASS" signature="testcreate_positive(com.objectfrontier.training.webservices.pojo.Address, com.objectfrontier.training.webservices.pojo.Address)[pri:1, instance:com.objectfrontier.training.webservices.test.AddressServiceTest@32e6e9c3]" name="testcreate_positive" duration-ms="29" started-at="2018-11-24T10:52:21Z" data-provider="Create_positive" finished-at="2018-11-24T10:52:21Z">
          <params>
            <param index="0">
              <value>
                <![CDATA[Address [id=0, street=kumaran, city=Coimbatore, postal_code=452350]]]>
              </value>
            </param>
            <param index="1">
              <value>
                <![CDATA[Address [id=0, street=kumaran, city=Coimbatore, postal_code=452350]]]>
              </value>
            </param>
          </params>
          <reporter-output>
          </reporter-output>
        </test-method> <!-- testcreate_positive -->
        <test-method status="PASS" signature="testcreate_positive(com.objectfrontier.training.webservices.pojo.Address, com.objectfrontier.training.webservices.pojo.Address)[pri:1, instance:com.objectfrontier.training.webservices.test.AddressServiceTest@32e6e9c3]" name="testcreate_positive" duration-ms="29" started-at="2018-11-24T10:52:21Z" data-provider="Create_positive" finished-at="2018-11-24T10:52:21Z">
          <params>
            <param index="0">
              <value>
                <![CDATA[Address [id=0, street=kumaran, city=Coimbatore, postal_code=452351]]]>
              </value>
            </param>
            <param index="1">
              <value>
                <![CDATA[Address [id=0, street=kumaran, city=Coimbatore, postal_code=452351]]]>
              </value>
            </param>
          </params>
          <reporter-output>
          </reporter-output>
        </test-method> <!-- testcreate_positive -->
        <test-method status="PASS" signature="testcreate_positive(com.objectfrontier.training.webservices.pojo.Address, com.objectfrontier.training.webservices.pojo.Address)[pri:1, instance:com.objectfrontier.training.webservices.test.AddressServiceTest@32e6e9c3]" name="testcreate_positive" duration-ms="30" started-at="2018-11-24T10:52:21Z" data-provider="Create_positive" finished-at="2018-11-24T10:52:21Z">
          <params>
            <param index="0">
              <value>
                <![CDATA[Address [id=0, street=kumaran, city=Coimbatore, postal_code=452352]]]>
              </value>
            </param>
            <param index="1">
              <value>
                <![CDATA[Address [id=0, street=kumaran, city=Coimbatore, postal_code=452352]]]>
              </value>
            </param>
          </params>
          <reporter-output>
          </reporter-output>
        </test-method> <!-- testcreate_positive -->
        <test-method status="PASS" signature="testcreate_positive(com.objectfrontier.training.webservices.pojo.Address, com.objectfrontier.training.webservices.pojo.Address)[pri:1, instance:com.objectfrontier.training.webservices.test.AddressServiceTest@32e6e9c3]" name="testcreate_positive" duration-ms="29" started-at="2018-11-24T10:52:21Z" data-provider="Create_positive" finished-at="2018-11-24T10:52:21Z">
          <params>
            <param index="0">
              <value>
                <![CDATA[Address [id=0, street=kumaran, city=Coimbatore, postal_code=452353]]]>
              </value>
            </param>
            <param index="1">
              <value>
                <![CDATA[Address [id=0, street=kumaran, city=Coimbatore, postal_code=452353]]]>
              </value>
            </param>
          </params>
          <reporter-output>
          </reporter-output>
        </test-method> <!-- testcreate_positive -->
        <test-method status="PASS" signature="testcreate_positive(com.objectfrontier.training.webservices.pojo.Address, com.objectfrontier.training.webservices.pojo.Address)[pri:1, instance:com.objectfrontier.training.webservices.test.AddressServiceTest@32e6e9c3]" name="testcreate_positive" duration-ms="29" started-at="2018-11-24T10:52:21Z" data-provider="Create_positive" finished-at="2018-11-24T10:52:21Z">
          <params>
            <param index="0">
              <value>
                <![CDATA[Address [id=0, street=kumaran, city=Coimbatore, postal_code=452354]]]>
              </value>
            </param>
            <param index="1">
              <value>
                <![CDATA[Address [id=0, street=kumaran, city=Coimbatore, postal_code=452354]]]>
              </value>
            </param>
          </params>
          <reporter-output>
          </reporter-output>
        </test-method> <!-- testcreate_positive -->
        <test-method status="PASS" signature="testcreate_positive(com.objectfrontier.training.webservices.pojo.Address, com.objectfrontier.training.webservices.pojo.Address)[pri:1, instance:com.objectfrontier.training.webservices.test.AddressServiceTest@32e6e9c3]" name="testcreate_positive" duration-ms="36" started-at="2018-11-24T10:52:21Z" data-provider="Create_positive" finished-at="2018-11-24T10:52:21Z">
          <params>
            <param index="0">
              <value>
                <![CDATA[Address [id=0, street=kumaran, city=Coimbatore, postal_code=452355]]]>
              </value>
            </param>
            <param index="1">
              <value>
                <![CDATA[Address [id=0, street=kumaran, city=Coimbatore, postal_code=452355]]]>
              </value>
            </param>
          </params>
          <reporter-output>
          </reporter-output>
        </test-method> <!-- testcreate_positive -->
        <test-method status="PASS" signature="testcreate_positive(com.objectfrontier.training.webservices.pojo.Address, com.objectfrontier.training.webservices.pojo.Address)[pri:1, instance:com.objectfrontier.training.webservices.test.AddressServiceTest@32e6e9c3]" name="testcreate_positive" duration-ms="30" started-at="2018-11-24T10:52:21Z" data-provider="Create_positive" finished-at="2018-11-24T10:52:21Z">
          <params>
            <param index="0">
              <value>
                <![CDATA[Address [id=0, street=kumaran, city=Coimbatore, postal_code=452356]]]>
              </value>
            </param>
            <param index="1">
              <value>
                <![CDATA[Address [id=0, street=kumaran, city=Coimbatore, postal_code=452356]]]>
              </value>
            </param>
          </params>
          <reporter-output>
          </reporter-output>
        </test-method> <!-- testcreate_positive -->
        <test-method status="PASS" signature="testcreate_positive(com.objectfrontier.training.webservices.pojo.Address, com.objectfrontier.training.webservices.pojo.Address)[pri:1, instance:com.objectfrontier.training.webservices.test.AddressServiceTest@32e6e9c3]" name="testcreate_positive" duration-ms="28" started-at="2018-11-24T10:52:21Z" data-provider="Create_positive" finished-at="2018-11-24T10:52:21Z">
          <params>
            <param index="0">
              <value>
                <![CDATA[Address [id=0, street=kumaran, city=Coimbatore, postal_code=452357]]]>
              </value>
            </param>
            <param index="1">
              <value>
                <![CDATA[Address [id=0, street=kumaran, city=Coimbatore, postal_code=452357]]]>
              </value>
            </param>
          </params>
          <reporter-output>
          </reporter-output>
        </test-method> <!-- testcreate_positive -->
        <test-method status="PASS" signature="testcreate_positive(com.objectfrontier.training.webservices.pojo.Address, com.objectfrontier.training.webservices.pojo.Address)[pri:1, instance:com.objectfrontier.training.webservices.test.AddressServiceTest@32e6e9c3]" name="testcreate_positive" duration-ms="30" started-at="2018-11-24T10:52:21Z" data-provider="Create_positive" finished-at="2018-11-24T10:52:21Z">
          <params>
            <param index="0">
              <value>
                <![CDATA[Address [id=0, street=kumaran, city=Coimbatore, postal_code=452358]]]>
              </value>
            </param>
            <param index="1">
              <value>
                <![CDATA[Address [id=0, street=kumaran, city=Coimbatore, postal_code=452358]]]>
              </value>
            </param>
          </params>
          <reporter-output>
          </reporter-output>
        </test-method> <!-- testcreate_positive -->
        <test-method status="PASS" signature="testcreate_positive(com.objectfrontier.training.webservices.pojo.Address, com.objectfrontier.training.webservices.pojo.Address)[pri:1, instance:com.objectfrontier.training.webservices.test.AddressServiceTest@32e6e9c3]" name="testcreate_positive" duration-ms="40" started-at="2018-11-24T10:52:21Z" data-provider="Create_positive" finished-at="2018-11-24T10:52:22Z">
          <params>
            <param index="0">
              <value>
                <![CDATA[Address [id=0, street=kumaran, city=Coimbatore, postal_code=452359]]]>
              </value>
            </param>
            <param index="1">
              <value>
                <![CDATA[Address [id=0, street=kumaran, city=Coimbatore, postal_code=452359]]]>
              </value>
            </param>
          </params>
          <reporter-output>
          </reporter-output>
        </test-method> <!-- testcreate_positive -->
        <test-method status="PASS" signature="testcreate_negative(com.objectfrontier.training.webservices.pojo.Address, java.util.List)[pri:2, instance:com.objectfrontier.training.webservices.test.AddressServiceTest@32e6e9c3]" name="testcreate_negative" duration-ms="40" started-at="2018-11-24T10:52:22Z" data-provider="Create_negative" finished-at="2018-11-24T10:52:22Z">
          <params>
            <param index="0">
              <value>
                <![CDATA[Address [id=0, street=Hello street, city=, postal_code=638183]]]>
              </value>
            </param>
            <param index="1">
              <value>
                <![CDATA[[ADDRESS_FILED_EMPTY_CITY]]]>
              </value>
            </param>
          </params>
          <reporter-output>
          </reporter-output>
        </test-method> <!-- testcreate_negative -->
        <test-method status="PASS" signature="testcreate_negative(com.objectfrontier.training.webservices.pojo.Address, java.util.List)[pri:2, instance:com.objectfrontier.training.webservices.test.AddressServiceTest@32e6e9c3]" name="testcreate_negative" duration-ms="15" started-at="2018-11-24T10:52:22Z" data-provider="Create_negative" finished-at="2018-11-24T10:52:22Z">
          <params>
            <param index="0">
              <value>
                <![CDATA[Address [id=0, street=, city=Hello City, postal_code=638183]]]>
              </value>
            </param>
            <param index="1">
              <value>
                <![CDATA[[ADDRESS_FILED_EMPTY_STREET]]]>
              </value>
            </param>
          </params>
          <reporter-output>
          </reporter-output>
        </test-method> <!-- testcreate_negative -->
        <test-method status="PASS" signature="testcreate_negative(com.objectfrontier.training.webservices.pojo.Address, java.util.List)[pri:2, instance:com.objectfrontier.training.webservices.test.AddressServiceTest@32e6e9c3]" name="testcreate_negative" duration-ms="30" started-at="2018-11-24T10:52:22Z" data-provider="Create_negative" finished-at="2018-11-24T10:52:22Z">
          <params>
            <param index="0">
              <value>
                <![CDATA[Address [id=0, street=Hello Street, city=Hello City, postal_code=0]]]>
              </value>
            </param>
            <param index="1">
              <value>
                <![CDATA[[ADDRESS_FILED_EMPTY_POSTAL_CODE]]]>
              </value>
            </param>
          </params>
          <reporter-output>
          </reporter-output>
        </test-method> <!-- testcreate_negative -->
        <test-method status="PASS" signature="testreadAll(boolean)[pri:3, instance:com.objectfrontier.training.webservices.test.AddressServiceTest@32e6e9c3]" name="testreadAll" duration-ms="31" started-at="2018-11-24T10:52:22Z" data-provider="readAll" finished-at="2018-11-24T10:52:22Z">
          <params>
            <param index="0">
              <value>
                <![CDATA[false]]>
              </value>
            </param>
          </params>
          <reporter-output>
          </reporter-output>
        </test-method> <!-- testreadAll -->
        <test-method status="PASS" signature="testread(long, java.util.List)[pri:4, instance:com.objectfrontier.training.webservices.test.AddressServiceTest@32e6e9c3]" name="testread" duration-ms="15" started-at="2018-11-24T10:52:22Z" data-provider="read" finished-at="2018-11-24T10:52:22Z">
          <params>
            <param index="0">
              <value>
                <![CDATA[10]]>
              </value>
            </param>
            <param index="1">
              <value>
                <![CDATA[[ADDRESS_IDENTITFICATION_ERROR]]]>
              </value>
            </param>
          </params>
          <reporter-output>
          </reporter-output>
        </test-method> <!-- testread -->
        <test-method status="PASS" signature="testread(long, java.util.List)[pri:4, instance:com.objectfrontier.training.webservices.test.AddressServiceTest@32e6e9c3]" name="testread" duration-ms="14" started-at="2018-11-24T10:52:22Z" data-provider="read" finished-at="2018-11-24T10:52:22Z">
          <params>
            <param index="0">
              <value>
                <![CDATA[121]]>
              </value>
            </param>
            <param index="1">
              <value>
                <![CDATA[[ADDRESS_IDENTITFICATION_ERROR]]]>
              </value>
            </param>
          </params>
          <reporter-output>
          </reporter-output>
        </test-method> <!-- testread -->
        <test-method status="PASS" signature="testupdate(com.objectfrontier.training.webservices.pojo.Address, int, java.util.List)[pri:5, instance:com.objectfrontier.training.webservices.test.AddressServiceTest@32e6e9c3]" name="testupdate" duration-ms="18" started-at="2018-11-24T10:52:22Z" data-provider="Update" finished-at="2018-11-24T10:52:22Z">
          <params>
            <param index="0">
              <value>
                <![CDATA[Address [id=100, street=kumaran, city=Chennai, postal_code=536432]]]>
              </value>
            </param>
            <param index="1">
              <value>
                <![CDATA[0]]>
              </value>
            </param>
            <param index="2">
              <value>
                <![CDATA[[ADDRESS_IDENTITFICATION_ERROR]]]>
              </value>
            </param>
          </params>
          <reporter-output>
          </reporter-output>
        </test-method> <!-- testupdate -->
        <test-method status="PASS" signature="testupdate(com.objectfrontier.training.webservices.pojo.Address, int, java.util.List)[pri:5, instance:com.objectfrontier.training.webservices.test.AddressServiceTest@32e6e9c3]" name="testupdate" duration-ms="32" started-at="2018-11-24T10:52:22Z" data-provider="Update" finished-at="2018-11-24T10:52:22Z">
          <params>
            <param index="0">
              <value>
                <![CDATA[Address [id=18, street=kumaran, city=Chennai, postal_code=452345]]]>
              </value>
            </param>
            <param index="1">
              <value>
                <![CDATA[1]]>
              </value>
            </param>
            <param index="2">
              <value>
                <![CDATA[[ADDRESS_IDENTITFICATION_ERROR]]]>
              </value>
            </param>
          </params>
          <reporter-output>
          </reporter-output>
        </test-method> <!-- testupdate -->
        <test-method status="PASS" signature="testupdate(com.objectfrontier.training.webservices.pojo.Address, int, java.util.List)[pri:5, instance:com.objectfrontier.training.webservices.test.AddressServiceTest@32e6e9c3]" name="testupdate" duration-ms="18" started-at="2018-11-24T10:52:22Z" data-provider="Update" finished-at="2018-11-24T10:52:22Z">
          <params>
            <param index="0">
              <value>
                <![CDATA[Address [id=100, street=kumaran, city=Chennai, postal_code=452346]]]>
              </value>
            </param>
            <param index="1">
              <value>
                <![CDATA[2]]>
              </value>
            </param>
            <param index="2">
              <value>
                <![CDATA[[ADDRESS_IDENTITFICATION_ERROR]]]>
              </value>
            </param>
          </params>
          <reporter-output>
          </reporter-output>
        </test-method> <!-- testupdate -->
        <test-method status="PASS" signature="testupdate(com.objectfrontier.training.webservices.pojo.Address, int, java.util.List)[pri:5, instance:com.objectfrontier.training.webservices.test.AddressServiceTest@32e6e9c3]" name="testupdate" duration-ms="28" started-at="2018-11-24T10:52:22Z" data-provider="Update" finished-at="2018-11-24T10:52:22Z">
          <params>
            <param index="0">
              <value>
                <![CDATA[Address [id=20, street=kumaran, city=Chennai, postal_code=452347]]]>
              </value>
            </param>
            <param index="1">
              <value>
                <![CDATA[3]]>
              </value>
            </param>
            <param index="2">
              <value>
                <![CDATA[[ADDRESS_IDENTITFICATION_ERROR]]]>
              </value>
            </param>
          </params>
          <reporter-output>
          </reporter-output>
        </test-method> <!-- testupdate -->
        <test-method status="PASS" signature="testupdate(com.objectfrontier.training.webservices.pojo.Address, int, java.util.List)[pri:5, instance:com.objectfrontier.training.webservices.test.AddressServiceTest@32e6e9c3]" name="testupdate" duration-ms="18" started-at="2018-11-24T10:52:22Z" data-provider="Update" finished-at="2018-11-24T10:52:22Z">
          <params>
            <param index="0">
              <value>
                <![CDATA[Address [id=100, street=kumaran, city=Chennai, postal_code=452348]]]>
              </value>
            </param>
            <param index="1">
              <value>
                <![CDATA[4]]>
              </value>
            </param>
            <param index="2">
              <value>
                <![CDATA[[ADDRESS_IDENTITFICATION_ERROR]]]>
              </value>
            </param>
          </params>
          <reporter-output>
          </reporter-output>
        </test-method> <!-- testupdate -->
        <test-method status="PASS" signature="testupdate(com.objectfrontier.training.webservices.pojo.Address, int, java.util.List)[pri:5, instance:com.objectfrontier.training.webservices.test.AddressServiceTest@32e6e9c3]" name="testupdate" duration-ms="34" started-at="2018-11-24T10:52:22Z" data-provider="Update" finished-at="2018-11-24T10:52:22Z">
          <params>
            <param index="0">
              <value>
                <![CDATA[Address [id=22, street=kumaran, city=Chennai, postal_code=452349]]]>
              </value>
            </param>
            <param index="1">
              <value>
                <![CDATA[5]]>
              </value>
            </param>
            <param index="2">
              <value>
                <![CDATA[[ADDRESS_IDENTITFICATION_ERROR]]]>
              </value>
            </param>
          </params>
          <reporter-output>
          </reporter-output>
        </test-method> <!-- testupdate -->
        <test-method status="PASS" signature="testupdate(com.objectfrontier.training.webservices.pojo.Address, int, java.util.List)[pri:5, instance:com.objectfrontier.training.webservices.test.AddressServiceTest@32e6e9c3]" name="testupdate" duration-ms="17" started-at="2018-11-24T10:52:22Z" data-provider="Update" finished-at="2018-11-24T10:52:22Z">
          <params>
            <param index="0">
              <value>
                <![CDATA[Address [id=100, street=kumaran, city=Chennai, postal_code=452350]]]>
              </value>
            </param>
            <param index="1">
              <value>
                <![CDATA[6]]>
              </value>
            </param>
            <param index="2">
              <value>
                <![CDATA[[ADDRESS_IDENTITFICATION_ERROR]]]>
              </value>
            </param>
          </params>
          <reporter-output>
          </reporter-output>
        </test-method> <!-- testupdate -->
        <test-method status="PASS" signature="testupdate(com.objectfrontier.training.webservices.pojo.Address, int, java.util.List)[pri:5, instance:com.objectfrontier.training.webservices.test.AddressServiceTest@32e6e9c3]" name="testupdate" duration-ms="30" started-at="2018-11-24T10:52:22Z" data-provider="Update" finished-at="2018-11-24T10:52:22Z">
          <params>
            <param index="0">
              <value>
                <![CDATA[Address [id=24, street=kumaran, city=Chennai, postal_code=452351]]]>
              </value>
            </param>
            <param index="1">
              <value>
                <![CDATA[7]]>
              </value>
            </param>
            <param index="2">
              <value>
                <![CDATA[[ADDRESS_IDENTITFICATION_ERROR]]]>
              </value>
            </param>
          </params>
          <reporter-output>
          </reporter-output>
        </test-method> <!-- testupdate -->
        <test-method status="PASS" signature="testupdate(com.objectfrontier.training.webservices.pojo.Address, int, java.util.List)[pri:5, instance:com.objectfrontier.training.webservices.test.AddressServiceTest@32e6e9c3]" name="testupdate" duration-ms="16" started-at="2018-11-24T10:52:22Z" data-provider="Update" finished-at="2018-11-24T10:52:22Z">
          <params>
            <param index="0">
              <value>
                <![CDATA[Address [id=100, street=kumaran, city=Chennai, postal_code=452352]]]>
              </value>
            </param>
            <param index="1">
              <value>
                <![CDATA[8]]>
              </value>
            </param>
            <param index="2">
              <value>
                <![CDATA[[ADDRESS_IDENTITFICATION_ERROR]]]>
              </value>
            </param>
          </params>
          <reporter-output>
          </reporter-output>
        </test-method> <!-- testupdate -->
        <test-method status="PASS" signature="testupdate(com.objectfrontier.training.webservices.pojo.Address, int, java.util.List)[pri:5, instance:com.objectfrontier.training.webservices.test.AddressServiceTest@32e6e9c3]" name="testupdate" duration-ms="42" started-at="2018-11-24T10:52:22Z" data-provider="Update" finished-at="2018-11-24T10:52:22Z">
          <params>
            <param index="0">
              <value>
                <![CDATA[Address [id=26, street=kumaran, city=Chennai, postal_code=452353]]]>
              </value>
            </param>
            <param index="1">
              <value>
                <![CDATA[9]]>
              </value>
            </param>
            <param index="2">
              <value>
                <![CDATA[[ADDRESS_IDENTITFICATION_ERROR]]]>
              </value>
            </param>
          </params>
          <reporter-output>
          </reporter-output>
        </test-method> <!-- testupdate -->
        <test-method status="PASS" signature="testupdate(com.objectfrontier.training.webservices.pojo.Address, int, java.util.List)[pri:5, instance:com.objectfrontier.training.webservices.test.AddressServiceTest@32e6e9c3]" name="testupdate" duration-ms="18" started-at="2018-11-24T10:52:22Z" data-provider="Update" finished-at="2018-11-24T10:52:22Z">
          <params>
            <param index="0">
              <value>
                <![CDATA[Address [id=100, street=kumaran, city=Chennai, postal_code=452354]]]>
              </value>
            </param>
            <param index="1">
              <value>
                <![CDATA[10]]>
              </value>
            </param>
            <param index="2">
              <value>
                <![CDATA[[ADDRESS_IDENTITFICATION_ERROR]]]>
              </value>
            </param>
          </params>
          <reporter-output>
          </reporter-output>
        </test-method> <!-- testupdate -->
        <test-method status="PASS" signature="testupdate(com.objectfrontier.training.webservices.pojo.Address, int, java.util.List)[pri:5, instance:com.objectfrontier.training.webservices.test.AddressServiceTest@32e6e9c3]" name="testupdate" duration-ms="35" started-at="2018-11-24T10:52:22Z" data-provider="Update" finished-at="2018-11-24T10:52:22Z">
          <params>
            <param index="0">
              <value>
                <![CDATA[Address [id=28, street=kumaran, city=Chennai, postal_code=452355]]]>
              </value>
            </param>
            <param index="1">
              <value>
                <![CDATA[11]]>
              </value>
            </param>
            <param index="2">
              <value>
                <![CDATA[[ADDRESS_IDENTITFICATION_ERROR]]]>
              </value>
            </param>
          </params>
          <reporter-output>
          </reporter-output>
        </test-method> <!-- testupdate -->
        <test-method status="PASS" signature="testupdate(com.objectfrontier.training.webservices.pojo.Address, int, java.util.List)[pri:5, instance:com.objectfrontier.training.webservices.test.AddressServiceTest@32e6e9c3]" name="testupdate" duration-ms="16" started-at="2018-11-24T10:52:22Z" data-provider="Update" finished-at="2018-11-24T10:52:22Z">
          <params>
            <param index="0">
              <value>
                <![CDATA[Address [id=100, street=kumaran, city=Chennai, postal_code=452356]]]>
              </value>
            </param>
            <param index="1">
              <value>
                <![CDATA[12]]>
              </value>
            </param>
            <param index="2">
              <value>
                <![CDATA[[ADDRESS_IDENTITFICATION_ERROR]]]>
              </value>
            </param>
          </params>
          <reporter-output>
          </reporter-output>
        </test-method> <!-- testupdate -->
        <test-method status="PASS" signature="testupdate(com.objectfrontier.training.webservices.pojo.Address, int, java.util.List)[pri:5, instance:com.objectfrontier.training.webservices.test.AddressServiceTest@32e6e9c3]" name="testupdate" duration-ms="28" started-at="2018-11-24T10:52:22Z" data-provider="Update" finished-at="2018-11-24T10:52:22Z">
          <params>
            <param index="0">
              <value>
                <![CDATA[Address [id=30, street=kumaran, city=Chennai, postal_code=452357]]]>
              </value>
            </param>
            <param index="1">
              <value>
                <![CDATA[13]]>
              </value>
            </param>
            <param index="2">
              <value>
                <![CDATA[[ADDRESS_IDENTITFICATION_ERROR]]]>
              </value>
            </param>
          </params>
          <reporter-output>
          </reporter-output>
        </test-method> <!-- testupdate -->
        <test-method status="PASS" signature="testupdate(com.objectfrontier.training.webservices.pojo.Address, int, java.util.List)[pri:5, instance:com.objectfrontier.training.webservices.test.AddressServiceTest@32e6e9c3]" name="testupdate" duration-ms="17" started-at="2018-11-24T10:52:22Z" data-provider="Update" finished-at="2018-11-24T10:52:22Z">
          <params>
            <param index="0">
              <value>
                <![CDATA[Address [id=100, street=kumaran, city=Chennai, postal_code=452358]]]>
              </value>
            </param>
            <param index="1">
              <value>
                <![CDATA[14]]>
              </value>
            </param>
            <param index="2">
              <value>
                <![CDATA[[ADDRESS_IDENTITFICATION_ERROR]]]>
              </value>
            </param>
          </params>
          <reporter-output>
          </reporter-output>
        </test-method> <!-- testupdate -->
        <test-method status="PASS" signature="testupdate(com.objectfrontier.training.webservices.pojo.Address, int, java.util.List)[pri:5, instance:com.objectfrontier.training.webservices.test.AddressServiceTest@32e6e9c3]" name="testupdate" duration-ms="29" started-at="2018-11-24T10:52:22Z" data-provider="Update" finished-at="2018-11-24T10:52:22Z">
          <params>
            <param index="0">
              <value>
                <![CDATA[Address [id=32, street=kumaran, city=Chennai, postal_code=452359]]]>
              </value>
            </param>
            <param index="1">
              <value>
                <![CDATA[15]]>
              </value>
            </param>
            <param index="2">
              <value>
                <![CDATA[[ADDRESS_IDENTITFICATION_ERROR]]]>
              </value>
            </param>
          </params>
          <reporter-output>
          </reporter-output>
        </test-method> <!-- testupdate -->
        <test-method status="PASS" signature="testdelete(com.objectfrontier.training.webservices.pojo.Address, java.util.List)[pri:6, instance:com.objectfrontier.training.webservices.test.AddressServiceTest@32e6e9c3]" name="testdelete" duration-ms="15" started-at="2018-11-24T10:52:22Z" data-provider="Delete" finished-at="2018-11-24T10:52:22Z">
          <params>
            <param index="0">
              <value>
                <![CDATA[Address [id=100, street=kumaran, city=Chennai, postal_code=536432]]]>
              </value>
            </param>
            <param index="1">
              <value>
                <![CDATA[[ADDRESS_IDENTITFICATION_ERROR]]]>
              </value>
            </param>
          </params>
          <reporter-output>
          </reporter-output>
        </test-method> <!-- testdelete -->
        <test-method status="PASS" signature="testdelete(com.objectfrontier.training.webservices.pojo.Address, java.util.List)[pri:6, instance:com.objectfrontier.training.webservices.test.AddressServiceTest@32e6e9c3]" name="testdelete" duration-ms="28" started-at="2018-11-24T10:52:22Z" data-provider="Delete" finished-at="2018-11-24T10:52:22Z">
          <params>
            <param index="0">
              <value>
                <![CDATA[Address [id=18, street=kumaran, city=Chennai, postal_code=452345]]]>
              </value>
            </param>
            <param index="1">
              <value>
                <![CDATA[[ADDRESS_IDENTITFICATION_ERROR]]]>
              </value>
            </param>
          </params>
          <reporter-output>
          </reporter-output>
        </test-method> <!-- testdelete -->
        <test-method status="PASS" signature="testdelete(com.objectfrontier.training.webservices.pojo.Address, java.util.List)[pri:6, instance:com.objectfrontier.training.webservices.test.AddressServiceTest@32e6e9c3]" name="testdelete" duration-ms="16" started-at="2018-11-24T10:52:22Z" data-provider="Delete" finished-at="2018-11-24T10:52:22Z">
          <params>
            <param index="0">
              <value>
                <![CDATA[Address [id=100, street=kumaran, city=Chennai, postal_code=452346]]]>
              </value>
            </param>
            <param index="1">
              <value>
                <![CDATA[[ADDRESS_IDENTITFICATION_ERROR]]]>
              </value>
            </param>
          </params>
          <reporter-output>
          </reporter-output>
        </test-method> <!-- testdelete -->
        <test-method status="PASS" signature="testdelete(com.objectfrontier.training.webservices.pojo.Address, java.util.List)[pri:6, instance:com.objectfrontier.training.webservices.test.AddressServiceTest@32e6e9c3]" name="testdelete" duration-ms="31" started-at="2018-11-24T10:52:22Z" data-provider="Delete" finished-at="2018-11-24T10:52:22Z">
          <params>
            <param index="0">
              <value>
                <![CDATA[Address [id=20, street=kumaran, city=Chennai, postal_code=452347]]]>
              </value>
            </param>
            <param index="1">
              <value>
                <![CDATA[[ADDRESS_IDENTITFICATION_ERROR]]]>
              </value>
            </param>
          </params>
          <reporter-output>
          </reporter-output>
        </test-method> <!-- testdelete -->
        <test-method status="PASS" signature="testdelete(com.objectfrontier.training.webservices.pojo.Address, java.util.List)[pri:6, instance:com.objectfrontier.training.webservices.test.AddressServiceTest@32e6e9c3]" name="testdelete" duration-ms="18" started-at="2018-11-24T10:52:22Z" data-provider="Delete" finished-at="2018-11-24T10:52:22Z">
          <params>
            <param index="0">
              <value>
                <![CDATA[Address [id=100, street=kumaran, city=Chennai, postal_code=452348]]]>
              </value>
            </param>
            <param index="1">
              <value>
                <![CDATA[[ADDRESS_IDENTITFICATION_ERROR]]]>
              </value>
            </param>
          </params>
          <reporter-output>
          </reporter-output>
        </test-method> <!-- testdelete -->
        <test-method status="PASS" signature="testdelete(com.objectfrontier.training.webservices.pojo.Address, java.util.List)[pri:6, instance:com.objectfrontier.training.webservices.test.AddressServiceTest@32e6e9c3]" name="testdelete" duration-ms="36" started-at="2018-11-24T10:52:22Z" data-provider="Delete" finished-at="2018-11-24T10:52:22Z">
          <params>
            <param index="0">
              <value>
                <![CDATA[Address [id=22, street=kumaran, city=Chennai, postal_code=452349]]]>
              </value>
            </param>
            <param index="1">
              <value>
                <![CDATA[[ADDRESS_IDENTITFICATION_ERROR]]]>
              </value>
            </param>
          </params>
          <reporter-output>
          </reporter-output>
        </test-method> <!-- testdelete -->
        <test-method status="PASS" signature="testdelete(com.objectfrontier.training.webservices.pojo.Address, java.util.List)[pri:6, instance:com.objectfrontier.training.webservices.test.AddressServiceTest@32e6e9c3]" name="testdelete" duration-ms="16" started-at="2018-11-24T10:52:22Z" data-provider="Delete" finished-at="2018-11-24T10:52:22Z">
          <params>
            <param index="0">
              <value>
                <![CDATA[Address [id=100, street=kumaran, city=Chennai, postal_code=452350]]]>
              </value>
            </param>
            <param index="1">
              <value>
                <![CDATA[[ADDRESS_IDENTITFICATION_ERROR]]]>
              </value>
            </param>
          </params>
          <reporter-output>
          </reporter-output>
        </test-method> <!-- testdelete -->
        <test-method status="PASS" signature="testdelete(com.objectfrontier.training.webservices.pojo.Address, java.util.List)[pri:6, instance:com.objectfrontier.training.webservices.test.AddressServiceTest@32e6e9c3]" name="testdelete" duration-ms="29" started-at="2018-11-24T10:52:22Z" data-provider="Delete" finished-at="2018-11-24T10:52:22Z">
          <params>
            <param index="0">
              <value>
                <![CDATA[Address [id=24, street=kumaran, city=Chennai, postal_code=452351]]]>
              </value>
            </param>
            <param index="1">
              <value>
                <![CDATA[[ADDRESS_IDENTITFICATION_ERROR]]]>
              </value>
            </param>
          </params>
          <reporter-output>
          </reporter-output>
        </test-method> <!-- testdelete -->
        <test-method status="PASS" signature="testdelete(com.objectfrontier.training.webservices.pojo.Address, java.util.List)[pri:6, instance:com.objectfrontier.training.webservices.test.AddressServiceTest@32e6e9c3]" name="testdelete" duration-ms="18" started-at="2018-11-24T10:52:22Z" data-provider="Delete" finished-at="2018-11-24T10:52:22Z">
          <params>
            <param index="0">
              <value>
                <![CDATA[Address [id=100, street=kumaran, city=Chennai, postal_code=452352]]]>
              </value>
            </param>
            <param index="1">
              <value>
                <![CDATA[[ADDRESS_IDENTITFICATION_ERROR]]]>
              </value>
            </param>
          </params>
          <reporter-output>
          </reporter-output>
        </test-method> <!-- testdelete -->
        <test-method status="PASS" signature="testdelete(com.objectfrontier.training.webservices.pojo.Address, java.util.List)[pri:6, instance:com.objectfrontier.training.webservices.test.AddressServiceTest@32e6e9c3]" name="testdelete" duration-ms="36" started-at="2018-11-24T10:52:22Z" data-provider="Delete" finished-at="2018-11-24T10:52:22Z">
          <params>
            <param index="0">
              <value>
                <![CDATA[Address [id=26, street=kumaran, city=Chennai, postal_code=452353]]]>
              </value>
            </param>
            <param index="1">
              <value>
                <![CDATA[[ADDRESS_IDENTITFICATION_ERROR]]]>
              </value>
            </param>
          </params>
          <reporter-output>
          </reporter-output>
        </test-method> <!-- testdelete -->
        <test-method status="PASS" signature="testdelete(com.objectfrontier.training.webservices.pojo.Address, java.util.List)[pri:6, instance:com.objectfrontier.training.webservices.test.AddressServiceTest@32e6e9c3]" name="testdelete" duration-ms="16" started-at="2018-11-24T10:52:22Z" data-provider="Delete" finished-at="2018-11-24T10:52:22Z">
          <params>
            <param index="0">
              <value>
                <![CDATA[Address [id=100, street=kumaran, city=Chennai, postal_code=452354]]]>
              </value>
            </param>
            <param index="1">
              <value>
                <![CDATA[[ADDRESS_IDENTITFICATION_ERROR]]]>
              </value>
            </param>
          </params>
          <reporter-output>
          </reporter-output>
        </test-method> <!-- testdelete -->
        <test-method status="PASS" signature="testdelete(com.objectfrontier.training.webservices.pojo.Address, java.util.List)[pri:6, instance:com.objectfrontier.training.webservices.test.AddressServiceTest@32e6e9c3]" name="testdelete" duration-ms="29" started-at="2018-11-24T10:52:22Z" data-provider="Delete" finished-at="2018-11-24T10:52:22Z">
          <params>
            <param index="0">
              <value>
                <![CDATA[Address [id=28, street=kumaran, city=Chennai, postal_code=452355]]]>
              </value>
            </param>
            <param index="1">
              <value>
                <![CDATA[[ADDRESS_IDENTITFICATION_ERROR]]]>
              </value>
            </param>
          </params>
          <reporter-output>
          </reporter-output>
        </test-method> <!-- testdelete -->
        <test-method status="PASS" signature="testdelete(com.objectfrontier.training.webservices.pojo.Address, java.util.List)[pri:6, instance:com.objectfrontier.training.webservices.test.AddressServiceTest@32e6e9c3]" name="testdelete" duration-ms="29" started-at="2018-11-24T10:52:22Z" data-provider="Delete" finished-at="2018-11-24T10:52:22Z">
          <params>
            <param index="0">
              <value>
                <![CDATA[Address [id=100, street=kumaran, city=Chennai, postal_code=452356]]]>
              </value>
            </param>
            <param index="1">
              <value>
                <![CDATA[[ADDRESS_IDENTITFICATION_ERROR]]]>
              </value>
            </param>
          </params>
          <reporter-output>
          </reporter-output>
        </test-method> <!-- testdelete -->
        <test-method status="PASS" signature="testdelete(com.objectfrontier.training.webservices.pojo.Address, java.util.List)[pri:6, instance:com.objectfrontier.training.webservices.test.AddressServiceTest@32e6e9c3]" name="testdelete" duration-ms="48" started-at="2018-11-24T10:52:22Z" data-provider="Delete" finished-at="2018-11-24T10:52:22Z">
          <params>
            <param index="0">
              <value>
                <![CDATA[Address [id=30, street=kumaran, city=Chennai, postal_code=452357]]]>
              </value>
            </param>
            <param index="1">
              <value>
                <![CDATA[[ADDRESS_IDENTITFICATION_ERROR]]]>
              </value>
            </param>
          </params>
          <reporter-output>
          </reporter-output>
        </test-method> <!-- testdelete -->
        <test-method status="PASS" signature="testdelete(com.objectfrontier.training.webservices.pojo.Address, java.util.List)[pri:6, instance:com.objectfrontier.training.webservices.test.AddressServiceTest@32e6e9c3]" name="testdelete" duration-ms="24" started-at="2018-11-24T10:52:22Z" data-provider="Delete" finished-at="2018-11-24T10:52:22Z">
          <params>
            <param index="0">
              <value>
                <![CDATA[Address [id=100, street=kumaran, city=Chennai, postal_code=452358]]]>
              </value>
            </param>
            <param index="1">
              <value>
                <![CDATA[[ADDRESS_IDENTITFICATION_ERROR]]]>
              </value>
            </param>
          </params>
          <reporter-output>
          </reporter-output>
        </test-method> <!-- testdelete -->
        <test-method status="PASS" signature="testdelete(com.objectfrontier.training.webservices.pojo.Address, java.util.List)[pri:6, instance:com.objectfrontier.training.webservices.test.AddressServiceTest@32e6e9c3]" name="testdelete" duration-ms="31" started-at="2018-11-24T10:52:22Z" data-provider="Delete" finished-at="2018-11-24T10:52:23Z">
          <params>
            <param index="0">
              <value>
                <![CDATA[Address [id=32, street=kumaran, city=Chennai, postal_code=452359]]]>
              </value>
            </param>
            <param index="1">
              <value>
                <![CDATA[[ADDRESS_IDENTITFICATION_ERROR]]]>
              </value>
            </param>
          </params>
          <reporter-output>
          </reporter-output>
        </test-method> <!-- testdelete -->
        <test-method status="FAIL" signature="releaseDb()[pri:0, instance:com.objectfrontier.training.webservices.test.AddressServiceTest@32e6e9c3]" name="releaseDb" is-config="true" duration-ms="0" started-at="2018-11-24T10:52:23Z" finished-at="2018-11-24T10:52:23Z">
          <exception class="com.objectfrontier.training.webservices.service.AppException">
            <full-stacktrace>
              <![CDATA[com.objectfrontier.training.webservices.service.AppException
	at com.objectfrontier.training.webservices.connection.ConnectionManagement.getDbConnection(ConnectionManagement.java:41)
	at com.objectfrontier.training.webservices.test.AddressServiceTest.releaseDb(AddressServiceTest.java:223)
	at sun.reflect.NativeMethodAccessorImpl.invoke0(Native Method)
	at sun.reflect.NativeMethodAccessorImpl.invoke(NativeMethodAccessorImpl.java:62)
	at sun.reflect.DelegatingMethodAccessorImpl.invoke(DelegatingMethodAccessorImpl.java:43)
	at java.lang.reflect.Method.invoke(Method.java:498)
	at org.testng.internal.MethodInvocationHelper.invokeMethod(MethodInvocationHelper.java:86)
	at org.testng.internal.Invoker.invokeConfigurationMethod(Invoker.java:514)
	at org.testng.internal.Invoker.invokeConfigurations(Invoker.java:215)
	at org.testng.internal.Invoker.invokeConfigurations(Invoker.java:142)
	at org.testng.internal.TestMethodWorker.invokeAfterClassMethods(TestMethodWorker.java:232)
	at org.testng.internal.TestMethodWorker.run(TestMethodWorker.java:115)
	at org.testng.TestRunner.privateRun(TestRunner.java:782)
	at org.testng.TestRunner.run(TestRunner.java:632)
	at org.testng.SuiteRunner.runTest(SuiteRunner.java:366)
	at org.testng.SuiteRunner.runSequentially(SuiteRunner.java:361)
	at org.testng.SuiteRunner.privateRun(SuiteRunner.java:319)
	at org.testng.SuiteRunner.run(SuiteRunner.java:268)
	at org.testng.SuiteRunnerWorker.runSuite(SuiteRunnerWorker.java:52)
	at org.testng.SuiteRunnerWorker.run(SuiteRunnerWorker.java:86)
	at org.testng.TestNG.runSuitesSequentially(TestNG.java:1244)
	at org.testng.TestNG.runSuitesLocally(TestNG.java:1169)
	at org.testng.TestNG.run(TestNG.java:1064)
	at org.testng.remote.AbstractRemoteTestNG.run(AbstractRemoteTestNG.java:114)
	at org.testng.remote.RemoteTestNG.initAndRun(RemoteTestNG.java:251)
	at org.testng.remote.RemoteTestNG.main(RemoteTestNG.java:77)
]]>
            </full-stacktrace>
          </exception> <!-- com.objectfrontier.training.webservices.service.AppException -->
          <reporter-output>
          </reporter-output>
        </test-method> <!-- releaseDb -->
      </class> <!-- com.objectfrontier.training.webservices.test.AddressServiceTest -->
    </test> <!-- Default test -->
  </suite> <!-- Default suite -->
</testng-results>
