<?xml version="1.0" encoding="UTF-8"?>
<testng-results skipped="0" failed="0" total="53" passed="53">
  <reporter-output>
  </reporter-output>
  <suite name="Default suite" duration-ms="2357" started-at="2018-11-29T14:40:54Z" finished-at="2018-11-29T14:40:56Z">
    <groups>
    </groups>
    <test name="Default test" duration-ms="2357" started-at="2018-11-29T14:40:54Z" finished-at="2018-11-29T14:40:56Z">
      <class name="com.objectfrontier.training.webservices.test.PersonServiceTest">
        <test-method status="PASS" signature="initServer()[pri:0, instance:com.objectfrontier.training.webservices.test.PersonServiceTest@100fc185]" name="initServer" is-config="true" duration-ms="835" started-at="2018-11-29T20:10:53Z" finished-at="2018-11-29T20:10:54Z">
          <reporter-output>
          </reporter-output>
        </test-method> <!-- initServer -->
        <test-method status="PASS" signature="init()[pri:0, instance:com.objectfrontier.training.webservices.test.PersonServiceTest@100fc185]" name="init" is-config="true" duration-ms="775" started-at="2018-11-29T20:10:54Z" finished-at="2018-11-29T20:10:55Z">
          <reporter-output>
          </reporter-output>
        </test-method> <!-- init -->
        <test-method status="PASS" signature="testcreate_positive(com.objectfrontier.training.webservices.model.Person, com.objectfrontier.training.webservices.model.Person)[pri:1, instance:com.objectfrontier.training.webservices.test.PersonServiceTest@100fc185]" name="testcreate_positive" duration-ms="95" started-at="2018-11-29T20:10:55Z" data-provider="Create_positive" finished-at="2018-11-29T20:10:55Z">
          <params>
            <param index="0">
              <value>
                <![CDATA[Person [id=0, firstname=karthick, lastname=karu, email=north@optonline.net, dob=23-10-1996, createdDate=2018-11-29 20:10:55.068, address=Address [id=0, street=kumaran, city=Coimbatore, postal_code=452345]]]]>
              </value>
            </param>
            <param index="1">
              <value>
                <![CDATA[Person [id=0, firstname=karthick, lastname=karu, email=north@optonline.net, dob=23-10-1996, createdDate=2018-11-29 20:10:55.07, address=Address [id=0, street=kumaran, city=Coimbatore, postal_code=452345]]]]>
              </value>
            </param>
          </params>
          <reporter-output>
          </reporter-output>
        </test-method> <!-- testcreate_positive -->
        <test-method status="PASS" signature="testcreate_positive(com.objectfrontier.training.webservices.model.Person, com.objectfrontier.training.webservices.model.Person)[pri:1, instance:com.objectfrontier.training.webservices.test.PersonServiceTest@100fc185]" name="testcreate_positive" duration-ms="51" started-at="2018-11-29T20:10:55Z" data-provider="Create_positive" finished-at="2018-11-29T20:10:55Z">
          <params>
            <param index="0">
              <value>
                <![CDATA[Person [id=0, firstname=xcg, lastname=fgty, email=nweaver@sbcglobal.net, dob=23-10-1996, createdDate=2018-11-29 20:10:55.069, address=Address [id=0, street=kumaran, city=Coimbatore, postal_code=452346]]]]>
              </value>
            </param>
            <param index="1">
              <value>
                <![CDATA[Person [id=0, firstname=xcg, lastname=fgty, email=nweaver@sbcglobal.net, dob=23-10-1996, createdDate=2018-11-29 20:10:55.07, address=Address [id=0, street=kumaran, city=Coimbatore, postal_code=452346]]]]>
              </value>
            </param>
          </params>
          <reporter-output>
          </reporter-output>
        </test-method> <!-- testcreate_positive -->
        <test-method status="PASS" signature="testcreate_positive(com.objectfrontier.training.webservices.model.Person, com.objectfrontier.training.webservices.model.Person)[pri:1, instance:com.objectfrontier.training.webservices.test.PersonServiceTest@100fc185]" name="testcreate_positive" duration-ms="36" started-at="2018-11-29T20:10:55Z" data-provider="Create_positive" finished-at="2018-11-29T20:10:55Z">
          <params>
            <param index="0">
              <value>
                <![CDATA[Person [id=0, firstname=gvfzxcv, lastname=rth, email=maratb@yahoo.ca, dob=23-10-1996, createdDate=2018-11-29 20:10:55.069, address=Address [id=0, street=kumaran, city=Coimbatore, postal_code=452347]]]]>
              </value>
            </param>
            <param index="1">
              <value>
                <![CDATA[Person [id=0, firstname=gvfzxcv, lastname=rth, email=maratb@yahoo.ca, dob=23-10-1996, createdDate=2018-11-29 20:10:55.07, address=Address [id=0, street=kumaran, city=Coimbatore, postal_code=452347]]]]>
              </value>
            </param>
          </params>
          <reporter-output>
          </reporter-output>
        </test-method> <!-- testcreate_positive -->
        <test-method status="PASS" signature="testcreate_positive(com.objectfrontier.training.webservices.model.Person, com.objectfrontier.training.webservices.model.Person)[pri:1, instance:com.objectfrontier.training.webservices.test.PersonServiceTest@100fc185]" name="testcreate_positive" duration-ms="37" started-at="2018-11-29T20:10:55Z" data-provider="Create_positive" finished-at="2018-11-29T20:10:55Z">
          <params>
            <param index="0">
              <value>
                <![CDATA[Person [id=0, firstname=asdg, lastname=gfh, email=johnbob@verizon.net, dob=23-10-1996, createdDate=2018-11-29 20:10:55.069, address=Address [id=0, street=kumaran, city=Coimbatore, postal_code=452348]]]]>
              </value>
            </param>
            <param index="1">
              <value>
                <![CDATA[Person [id=0, firstname=asdg, lastname=gfh, email=johnbob@verizon.net, dob=23-10-1996, createdDate=2018-11-29 20:10:55.07, address=Address [id=0, street=kumaran, city=Coimbatore, postal_code=452348]]]]>
              </value>
            </param>
          </params>
          <reporter-output>
          </reporter-output>
        </test-method> <!-- testcreate_positive -->
        <test-method status="PASS" signature="testcreate_positive(com.objectfrontier.training.webservices.model.Person, com.objectfrontier.training.webservices.model.Person)[pri:1, instance:com.objectfrontier.training.webservices.test.PersonServiceTest@100fc185]" name="testcreate_positive" duration-ms="37" started-at="2018-11-29T20:10:55Z" data-provider="Create_positive" finished-at="2018-11-29T20:10:55Z">
          <params>
            <param index="0">
              <value>
                <![CDATA[Person [id=0, firstname=rtgwerg, lastname=dfgh, email=mnemonic@yahoo.ca, dob=13-09-1998, createdDate=2018-11-29 20:10:55.069, address=Address [id=0, street=kumaran, city=Coimbatore, postal_code=452349]]]]>
              </value>
            </param>
            <param index="1">
              <value>
                <![CDATA[Person [id=0, firstname=rtgwerg, lastname=dfgh, email=mnemonic@yahoo.ca, dob=13-09-1998, createdDate=2018-11-29 20:10:55.07, address=Address [id=0, street=kumaran, city=Coimbatore, postal_code=452349]]]]>
              </value>
            </param>
          </params>
          <reporter-output>
          </reporter-output>
        </test-method> <!-- testcreate_positive -->
        <test-method status="PASS" signature="testcreate_positive(com.objectfrontier.training.webservices.model.Person, com.objectfrontier.training.webservices.model.Person)[pri:1, instance:com.objectfrontier.training.webservices.test.PersonServiceTest@100fc185]" name="testcreate_positive" duration-ms="38" started-at="2018-11-29T20:10:55Z" data-provider="Create_positive" finished-at="2018-11-29T20:10:55Z">
          <params>
            <param index="0">
              <value>
                <![CDATA[Person [id=0, firstname=fgserg, lastname=sdfg, email=ryanvm@outlook.com, dob=14-09-1998, createdDate=2018-11-29 20:10:55.069, address=Address [id=0, street=kumaran, city=Coimbatore, postal_code=452350]]]]>
              </value>
            </param>
            <param index="1">
              <value>
                <![CDATA[Person [id=0, firstname=fgserg, lastname=sdfg, email=ryanvm@outlook.com, dob=14-09-1998, createdDate=2018-11-29 20:10:55.07, address=Address [id=0, street=kumaran, city=Coimbatore, postal_code=452350]]]]>
              </value>
            </param>
          </params>
          <reporter-output>
          </reporter-output>
        </test-method> <!-- testcreate_positive -->
        <test-method status="PASS" signature="testcreate_positive(com.objectfrontier.training.webservices.model.Person, com.objectfrontier.training.webservices.model.Person)[pri:1, instance:com.objectfrontier.training.webservices.test.PersonServiceTest@100fc185]" name="testcreate_positive" duration-ms="36" started-at="2018-11-29T20:10:55Z" data-provider="Create_positive" finished-at="2018-11-29T20:10:55Z">
          <params>
            <param index="0">
              <value>
                <![CDATA[Person [id=0, firstname=agdvsag, lastname=yhr, email=dkeeler@att.net, dob=15-09-1998, createdDate=2018-11-29 20:10:55.069, address=Address [id=0, street=kumaran, city=Coimbatore, postal_code=452351]]]]>
              </value>
            </param>
            <param index="1">
              <value>
                <![CDATA[Person [id=0, firstname=agdvsag, lastname=yhr, email=dkeeler@att.net, dob=15-09-1998, createdDate=2018-11-29 20:10:55.07, address=Address [id=0, street=kumaran, city=Coimbatore, postal_code=452351]]]]>
              </value>
            </param>
          </params>
          <reporter-output>
          </reporter-output>
        </test-method> <!-- testcreate_positive -->
        <test-method status="PASS" signature="testcreate_positive(com.objectfrontier.training.webservices.model.Person, com.objectfrontier.training.webservices.model.Person)[pri:1, instance:com.objectfrontier.training.webservices.test.PersonServiceTest@100fc185]" name="testcreate_positive" duration-ms="55" started-at="2018-11-29T20:10:55Z" data-provider="Create_positive" finished-at="2018-11-29T20:10:55Z">
          <params>
            <param index="0">
              <value>
                <![CDATA[Person [id=0, firstname=agdvags, lastname=eygb, email=marin@att.net, dob=16-09-1998, createdDate=2018-11-29 20:10:55.069, address=Address [id=0, street=kumaran, city=Coimbatore, postal_code=452352]]]]>
              </value>
            </param>
            <param index="1">
              <value>
                <![CDATA[Person [id=0, firstname=agdvags, lastname=eygb, email=marin@att.net, dob=16-09-1998, createdDate=2018-11-29 20:10:55.07, address=Address [id=0, street=kumaran, city=Coimbatore, postal_code=452352]]]]>
              </value>
            </param>
          </params>
          <reporter-output>
          </reporter-output>
        </test-method> <!-- testcreate_positive -->
        <test-method status="PASS" signature="testcreate_positive(com.objectfrontier.training.webservices.model.Person, com.objectfrontier.training.webservices.model.Person)[pri:1, instance:com.objectfrontier.training.webservices.test.PersonServiceTest@100fc185]" name="testcreate_positive" duration-ms="33" started-at="2018-11-29T20:10:55Z" data-provider="Create_positive" finished-at="2018-11-29T20:10:55Z">
          <params>
            <param index="0">
              <value>
                <![CDATA[Person [id=0, firstname=assdv, lastname=shygtdh, email=osaru@outlook.com, dob=17-09-1998, createdDate=2018-11-29 20:10:55.069, address=Address [id=0, street=kumaran, city=Coimbatore, postal_code=452353]]]]>
              </value>
            </param>
            <param index="1">
              <value>
                <![CDATA[Person [id=0, firstname=assdv, lastname=shygtdh, email=osaru@outlook.com, dob=17-09-1998, createdDate=2018-11-29 20:10:55.07, address=Address [id=0, street=kumaran, city=Coimbatore, postal_code=452353]]]]>
              </value>
            </param>
          </params>
          <reporter-output>
          </reporter-output>
        </test-method> <!-- testcreate_positive -->
        <test-method status="PASS" signature="testcreate_positive(com.objectfrontier.training.webservices.model.Person, com.objectfrontier.training.webservices.model.Person)[pri:1, instance:com.objectfrontier.training.webservices.test.PersonServiceTest@100fc185]" name="testcreate_positive" duration-ms="29" started-at="2018-11-29T20:10:55Z" data-provider="Create_positive" finished-at="2018-11-29T20:10:55Z">
          <params>
            <param index="0">
              <value>
                <![CDATA[Person [id=0, firstname=asdg, lastname=dvbsd, email=murdocj@aol.com, dob=18-09-1998, createdDate=2018-11-29 20:10:55.069, address=Address [id=0, street=kumaran, city=Coimbatore, postal_code=452354]]]]>
              </value>
            </param>
            <param index="1">
              <value>
                <![CDATA[Person [id=0, firstname=asdg, lastname=dvbsd, email=murdocj@aol.com, dob=18-09-1998, createdDate=2018-11-29 20:10:55.07, address=Address [id=0, street=kumaran, city=Coimbatore, postal_code=452354]]]]>
              </value>
            </param>
          </params>
          <reporter-output>
          </reporter-output>
        </test-method> <!-- testcreate_positive -->
        <test-method status="PASS" signature="testcreate_positive(com.objectfrontier.training.webservices.model.Person, com.objectfrontier.training.webservices.model.Person)[pri:1, instance:com.objectfrontier.training.webservices.test.PersonServiceTest@100fc185]" name="testcreate_positive" duration-ms="30" started-at="2018-11-29T20:10:55Z" data-provider="Create_positive" finished-at="2018-11-29T20:10:55Z">
          <params>
            <param index="0">
              <value>
                <![CDATA[Person [id=0, firstname=asdv, lastname=gsa, email=jacks@aol.com, dob=19-09-1998, createdDate=2018-11-29 20:10:55.069, address=Address [id=0, street=kumaran, city=Coimbatore, postal_code=452355]]]]>
              </value>
            </param>
            <param index="1">
              <value>
                <![CDATA[Person [id=0, firstname=asdv, lastname=gsa, email=jacks@aol.com, dob=19-09-1998, createdDate=2018-11-29 20:10:55.07, address=Address [id=0, street=kumaran, city=Coimbatore, postal_code=452355]]]]>
              </value>
            </param>
          </params>
          <reporter-output>
          </reporter-output>
        </test-method> <!-- testcreate_positive -->
        <test-method status="PASS" signature="testcreate_positive(com.objectfrontier.training.webservices.model.Person, com.objectfrontier.training.webservices.model.Person)[pri:1, instance:com.objectfrontier.training.webservices.test.PersonServiceTest@100fc185]" name="testcreate_positive" duration-ms="36" started-at="2018-11-29T20:10:55Z" data-provider="Create_positive" finished-at="2018-11-29T20:10:55Z">
          <params>
            <param index="0">
              <value>
                <![CDATA[Person [id=0, firstname=asvd, lastname=gfsergseg, email=avalon@optonline.net, dob=20-09-1998, createdDate=2018-11-29 20:10:55.069, address=Address [id=0, street=kumaran, city=Coimbatore, postal_code=452356]]]]>
              </value>
            </param>
            <param index="1">
              <value>
                <![CDATA[Person [id=0, firstname=asvd, lastname=gfsergseg, email=avalon@optonline.net, dob=20-09-1998, createdDate=2018-11-29 20:10:55.07, address=Address [id=0, street=kumaran, city=Coimbatore, postal_code=452356]]]]>
              </value>
            </param>
          </params>
          <reporter-output>
          </reporter-output>
        </test-method> <!-- testcreate_positive -->
        <test-method status="PASS" signature="testcreate_positive(com.objectfrontier.training.webservices.model.Person, com.objectfrontier.training.webservices.model.Person)[pri:1, instance:com.objectfrontier.training.webservices.test.PersonServiceTest@100fc185]" name="testcreate_positive" duration-ms="30" started-at="2018-11-29T20:10:55Z" data-provider="Create_positive" finished-at="2018-11-29T20:10:55Z">
          <params>
            <param index="0">
              <value>
                <![CDATA[Person [id=0, firstname=rt, lastname=sdfgsgr, email=matthijs@verizon.net, dob=21-09-1998, createdDate=2018-11-29 20:10:55.069, address=Address [id=0, street=kumaran, city=Coimbatore, postal_code=452357]]]]>
              </value>
            </param>
            <param index="1">
              <value>
                <![CDATA[Person [id=0, firstname=rt, lastname=sdfgsgr, email=matthijs@verizon.net, dob=21-09-1998, createdDate=2018-11-29 20:10:55.07, address=Address [id=0, street=kumaran, city=Coimbatore, postal_code=452357]]]]>
              </value>
            </param>
          </params>
          <reporter-output>
          </reporter-output>
        </test-method> <!-- testcreate_positive -->
        <test-method status="PASS" signature="testcreate_positive(com.objectfrontier.training.webservices.model.Person, com.objectfrontier.training.webservices.model.Person)[pri:1, instance:com.objectfrontier.training.webservices.test.PersonServiceTest@100fc185]" name="testcreate_positive" duration-ms="36" started-at="2018-11-29T20:10:55Z" data-provider="Create_positive" finished-at="2018-11-29T20:10:55Z">
          <params>
            <param index="0">
              <value>
                <![CDATA[Person [id=0, firstname=assve, lastname=asfdgvszfgh, email=cameron@outlook.com, dob=22-09-1998, createdDate=2018-11-29 20:10:55.069, address=Address [id=0, street=kumaran, city=Coimbatore, postal_code=452358]]]]>
              </value>
            </param>
            <param index="1">
              <value>
                <![CDATA[Person [id=0, firstname=assve, lastname=asfdgvszfgh, email=cameron@outlook.com, dob=22-09-1998, createdDate=2018-11-29 20:10:55.07, address=Address [id=0, street=kumaran, city=Coimbatore, postal_code=452358]]]]>
              </value>
            </param>
          </params>
          <reporter-output>
          </reporter-output>
        </test-method> <!-- testcreate_positive -->
        <test-method status="PASS" signature="testcreate_positive(com.objectfrontier.training.webservices.model.Person, com.objectfrontier.training.webservices.model.Person)[pri:1, instance:com.objectfrontier.training.webservices.test.PersonServiceTest@100fc185]" name="testcreate_positive" duration-ms="37" started-at="2018-11-29T20:10:55Z" data-provider="Create_positive" finished-at="2018-11-29T20:10:55Z">
          <params>
            <param index="0">
              <value>
                <![CDATA[Person [id=0, firstname=wert, lastname=shsdghz, email=breegster@me.com, dob=23-09-1998, createdDate=2018-11-29 20:10:55.069, address=Address [id=0, street=kumaran, city=Coimbatore, postal_code=452359]]]]>
              </value>
            </param>
            <param index="1">
              <value>
                <![CDATA[Person [id=0, firstname=wert, lastname=shsdghz, email=breegster@me.com, dob=23-09-1998, createdDate=2018-11-29 20:10:55.07, address=Address [id=0, street=kumaran, city=Coimbatore, postal_code=452359]]]]>
              </value>
            </param>
          </params>
          <reporter-output>
          </reporter-output>
        </test-method> <!-- testcreate_positive -->
        <test-method status="PASS" signature="testcreate_negative(com.objectfrontier.training.webservices.model.Person, java.util.List)[pri:2, instance:com.objectfrontier.training.webservices.test.PersonServiceTest@100fc185]" name="testcreate_negative" duration-ms="24" started-at="2018-11-29T20:10:55Z" data-provider="Create_negative" finished-at="2018-11-29T20:10:55Z">
          <params>
            <param index="0">
              <value>
                <![CDATA[Person [id=0, firstname=, lastname=, email=email@email, dob=23-10-2016, createdDate=2018-11-29 20:10:55.712, address=Address [id=0, street=ramkumar street, city=chennai, postal_code=600001]]]]>
              </value>
            </param>
            <param index="1">
              <value>
                <![CDATA[[PERSON_FILED_FIRST_ERROR, PERSON_FILED_LAST_ERROR]]]>
              </value>
            </param>
          </params>
          <reporter-output>
          </reporter-output>
        </test-method> <!-- testcreate_negative -->
        <test-method status="PASS" signature="testcreate_negative(com.objectfrontier.training.webservices.model.Person, java.util.List)[pri:2, instance:com.objectfrontier.training.webservices.test.PersonServiceTest@100fc185]" name="testcreate_negative" duration-ms="15" started-at="2018-11-29T20:10:55Z" data-provider="Create_negative" finished-at="2018-11-29T20:10:55Z">
          <params>
            <param index="0">
              <value>
                <![CDATA[Person [id=0, firstname=arun, lastname=, email=afs@ssfs, dob=23-10-1996, createdDate=2018-11-29 20:10:55.712, address=Address [id=0, street=ramkumar street, city=chennai, postal_code=600001]]]]>
              </value>
            </param>
            <param index="1">
              <value>
                <![CDATA[[PERSON_FILED_LAST_ERROR]]]>
              </value>
            </param>
          </params>
          <reporter-output>
          </reporter-output>
        </test-method> <!-- testcreate_negative -->
        <test-method status="PASS" signature="testcreate_negative(com.objectfrontier.training.webservices.model.Person, java.util.List)[pri:2, instance:com.objectfrontier.training.webservices.test.PersonServiceTest@100fc185]" name="testcreate_negative" duration-ms="44" started-at="2018-11-29T20:10:55Z" data-provider="Create_negative" finished-at="2018-11-29T20:10:55Z">
          <params>
            <param index="0">
              <value>
                <![CDATA[Person [id=0, firstname=arun, lastname=kumar, email=arunak283933@gmail.com, dob=23-10-1996, createdDate=2018-11-29 20:10:55.712, address=Address [id=0, street=ramkumar street, city=chennai, postal_code=600001]]]]>
              </value>
            </param>
            <param index="1">
              <value>
                <![CDATA[[PERSON_EMAIL_DUPLICATE]]]>
              </value>
            </param>
          </params>
          <reporter-output>
          </reporter-output>
        </test-method> <!-- testcreate_negative -->
        <test-method status="PASS" signature="testcreate_negative(com.objectfrontier.training.webservices.model.Person, java.util.List)[pri:2, instance:com.objectfrontier.training.webservices.test.PersonServiceTest@100fc185]" name="testcreate_negative" duration-ms="18" started-at="2018-11-29T20:10:55Z" data-provider="Create_negative" finished-at="2018-11-29T20:10:55Z">
          <params>
            <param index="0">
              <value>
                <![CDATA[Person [id=0, firstname=arun, lastname=kumar, email=dssd@dsd, dob=, createdDate=2018-11-29 20:10:55.712, address=Address [id=0, street=ramkumar street, city=chennai, postal_code=600001]]]]>
              </value>
            </param>
            <param index="1">
              <value>
                <![CDATA[[PERSON_FILED_DOB_ERROR]]]>
              </value>
            </param>
          </params>
          <reporter-output>
          </reporter-output>
        </test-method> <!-- testcreate_negative -->
        <test-method status="PASS" signature="testcreate_negative(com.objectfrontier.training.webservices.model.Person, java.util.List)[pri:2, instance:com.objectfrontier.training.webservices.test.PersonServiceTest@100fc185]" name="testcreate_negative" duration-ms="14" started-at="2018-11-29T20:10:55Z" data-provider="Create_negative" finished-at="2018-11-29T20:10:55Z">
          <params>
            <param index="0">
              <value>
                <![CDATA[Person [id=0, firstname=dsd, lastname=dsddd, email=ffkljk@jhdd, dob=23-10-1996, createdDate=null, address=Address [id=0, street=ramkumar street, city=chennai, postal_code=600001]]]]>
              </value>
            </param>
            <param index="1">
              <value>
                <![CDATA[[PERSON_FILED_CREATED_DATE_ERROR]]]>
              </value>
            </param>
          </params>
          <reporter-output>
          </reporter-output>
        </test-method> <!-- testcreate_negative -->
        <test-method status="PASS" signature="testread(long, java.util.List)[pri:3, instance:com.objectfrontier.training.webservices.test.PersonServiceTest@100fc185]" name="testread" duration-ms="16" started-at="2018-11-29T20:10:55Z" data-provider="read" finished-at="2018-11-29T20:10:55Z">
          <params>
            <param index="0">
              <value>
                <![CDATA[33]]>
              </value>
            </param>
            <param index="1">
              <value>
                <![CDATA[[PERSON_IDENTIFICATION]]]>
              </value>
            </param>
          </params>
          <reporter-output>
          </reporter-output>
        </test-method> <!-- testread -->
        <test-method status="PASS" signature="testread(long, java.util.List)[pri:3, instance:com.objectfrontier.training.webservices.test.PersonServiceTest@100fc185]" name="testread" duration-ms="15" started-at="2018-11-29T20:10:55Z" data-provider="read" finished-at="2018-11-29T20:10:55Z">
          <params>
            <param index="0">
              <value>
                <![CDATA[191]]>
              </value>
            </param>
            <param index="1">
              <value>
                <![CDATA[[PERSON_IDENTIFICATION]]]>
              </value>
            </param>
          </params>
          <reporter-output>
          </reporter-output>
        </test-method> <!-- testread -->
        <test-method status="PASS" signature="testreadAll(boolean)[pri:4, instance:com.objectfrontier.training.webservices.test.PersonServiceTest@100fc185]" name="testreadAll" duration-ms="26" started-at="2018-11-29T20:10:55Z" data-provider="readAll" finished-at="2018-11-29T20:10:55Z">
          <params>
            <param index="0">
              <value>
                <![CDATA[false]]>
              </value>
            </param>
          </params>
          <reporter-output>
          </reporter-output>
        </test-method> <!-- testreadAll -->
        <test-method status="PASS" signature="testupdate(com.objectfrontier.training.webservices.model.Person, int, java.util.List)[pri:5, instance:com.objectfrontier.training.webservices.test.PersonServiceTest@100fc185]" name="testupdate" duration-ms="20" started-at="2018-11-29T20:10:55Z" data-provider="update" finished-at="2018-11-29T20:10:55Z">
          <params>
            <param index="0">
              <value>
                <![CDATA[Person [id=1020, firstname=karthick, lastname=karu, email=north@optonline.net, dob=23-10-1996, createdDate=2018-11-29 20:10:55.068, address=Address [id=129, street=kumaran, city=Coimbatore, postal_code=452345]]]]>
              </value>
            </param>
            <param index="1">
              <value>
                <![CDATA[0]]>
              </value>
            </param>
            <param index="2">
              <value>
                <![CDATA[[PERSON_IDENTIFICATION]]]>
              </value>
            </param>
          </params>
          <reporter-output>
          </reporter-output>
        </test-method> <!-- testupdate -->
        <test-method status="PASS" signature="testupdate(com.objectfrontier.training.webservices.model.Person, int, java.util.List)[pri:5, instance:com.objectfrontier.training.webservices.test.PersonServiceTest@100fc185]" name="testupdate" duration-ms="26" started-at="2018-11-29T20:10:55Z" data-provider="update" finished-at="2018-11-29T20:10:55Z">
          <params>
            <param index="0">
              <value>
                <![CDATA[Person [id=78, firstname=xcg, lastname=fgty, email=nweaver@sbcglobal.net, dob=23-10-1996, createdDate=2018-11-29 20:10:55.069, address=Address [id=130, street=kumaran, city=Coimbatore, postal_code=452346]]]]>
              </value>
            </param>
            <param index="1">
              <value>
                <![CDATA[1]]>
              </value>
            </param>
            <param index="2">
              <value>
                <![CDATA[[PERSON_IDENTIFICATION]]]>
              </value>
            </param>
          </params>
          <reporter-output>
          </reporter-output>
        </test-method> <!-- testupdate -->
        <test-method status="PASS" signature="testupdate(com.objectfrontier.training.webservices.model.Person, int, java.util.List)[pri:5, instance:com.objectfrontier.training.webservices.test.PersonServiceTest@100fc185]" name="testupdate" duration-ms="17" started-at="2018-11-29T20:10:55Z" data-provider="update" finished-at="2018-11-29T20:10:55Z">
          <params>
            <param index="0">
              <value>
                <![CDATA[Person [id=1020, firstname=gvfzxcv, lastname=rth, email=maratb@yahoo.ca, dob=23-10-1996, createdDate=2018-11-29 20:10:55.069, address=Address [id=131, street=kumaran, city=Coimbatore, postal_code=452347]]]]>
              </value>
            </param>
            <param index="1">
              <value>
                <![CDATA[2]]>
              </value>
            </param>
            <param index="2">
              <value>
                <![CDATA[[PERSON_IDENTIFICATION]]]>
              </value>
            </param>
          </params>
          <reporter-output>
          </reporter-output>
        </test-method> <!-- testupdate -->
        <test-method status="PASS" signature="testupdate(com.objectfrontier.training.webservices.model.Person, int, java.util.List)[pri:5, instance:com.objectfrontier.training.webservices.test.PersonServiceTest@100fc185]" name="testupdate" duration-ms="28" started-at="2018-11-29T20:10:55Z" data-provider="update" finished-at="2018-11-29T20:10:55Z">
          <params>
            <param index="0">
              <value>
                <![CDATA[Person [id=80, firstname=asdg, lastname=gfh, email=johnbob@verizon.net, dob=23-10-1996, createdDate=2018-11-29 20:10:55.069, address=Address [id=132, street=kumaran, city=Coimbatore, postal_code=452348]]]]>
              </value>
            </param>
            <param index="1">
              <value>
                <![CDATA[3]]>
              </value>
            </param>
            <param index="2">
              <value>
                <![CDATA[[PERSON_IDENTIFICATION]]]>
              </value>
            </param>
          </params>
          <reporter-output>
          </reporter-output>
        </test-method> <!-- testupdate -->
        <test-method status="PASS" signature="testupdate(com.objectfrontier.training.webservices.model.Person, int, java.util.List)[pri:5, instance:com.objectfrontier.training.webservices.test.PersonServiceTest@100fc185]" name="testupdate" duration-ms="14" started-at="2018-11-29T20:10:55Z" data-provider="update" finished-at="2018-11-29T20:10:56Z">
          <params>
            <param index="0">
              <value>
                <![CDATA[Person [id=1020, firstname=rtgwerg, lastname=dfgh, email=mnemonic@yahoo.ca, dob=13-09-1998, createdDate=2018-11-29 20:10:55.069, address=Address [id=133, street=kumaran, city=Coimbatore, postal_code=452349]]]]>
              </value>
            </param>
            <param index="1">
              <value>
                <![CDATA[4]]>
              </value>
            </param>
            <param index="2">
              <value>
                <![CDATA[[PERSON_IDENTIFICATION]]]>
              </value>
            </param>
          </params>
          <reporter-output>
          </reporter-output>
        </test-method> <!-- testupdate -->
        <test-method status="PASS" signature="testupdate(com.objectfrontier.training.webservices.model.Person, int, java.util.List)[pri:5, instance:com.objectfrontier.training.webservices.test.PersonServiceTest@100fc185]" name="testupdate" duration-ms="30" started-at="2018-11-29T20:10:56Z" data-provider="update" finished-at="2018-11-29T20:10:56Z">
          <params>
            <param index="0">
              <value>
                <![CDATA[Person [id=82, firstname=fgserg, lastname=sdfg, email=ryanvm@outlook.com, dob=14-09-1998, createdDate=2018-11-29 20:10:55.069, address=Address [id=134, street=kumaran, city=Coimbatore, postal_code=452350]]]]>
              </value>
            </param>
            <param index="1">
              <value>
                <![CDATA[5]]>
              </value>
            </param>
            <param index="2">
              <value>
                <![CDATA[[PERSON_IDENTIFICATION]]]>
              </value>
            </param>
          </params>
          <reporter-output>
          </reporter-output>
        </test-method> <!-- testupdate -->
        <test-method status="PASS" signature="testupdate(com.objectfrontier.training.webservices.model.Person, int, java.util.List)[pri:5, instance:com.objectfrontier.training.webservices.test.PersonServiceTest@100fc185]" name="testupdate" duration-ms="13" started-at="2018-11-29T20:10:56Z" data-provider="update" finished-at="2018-11-29T20:10:56Z">
          <params>
            <param index="0">
              <value>
                <![CDATA[Person [id=1020, firstname=agdvsag, lastname=yhr, email=dkeeler@att.net, dob=15-09-1998, createdDate=2018-11-29 20:10:55.069, address=Address [id=135, street=kumaran, city=Coimbatore, postal_code=452351]]]]>
              </value>
            </param>
            <param index="1">
              <value>
                <![CDATA[6]]>
              </value>
            </param>
            <param index="2">
              <value>
                <![CDATA[[PERSON_IDENTIFICATION]]]>
              </value>
            </param>
          </params>
          <reporter-output>
          </reporter-output>
        </test-method> <!-- testupdate -->
        <test-method status="PASS" signature="testupdate(com.objectfrontier.training.webservices.model.Person, int, java.util.List)[pri:5, instance:com.objectfrontier.training.webservices.test.PersonServiceTest@100fc185]" name="testupdate" duration-ms="31" started-at="2018-11-29T20:10:56Z" data-provider="update" finished-at="2018-11-29T20:10:56Z">
          <params>
            <param index="0">
              <value>
                <![CDATA[Person [id=84, firstname=agdvags, lastname=eygb, email=marin@att.net, dob=16-09-1998, createdDate=2018-11-29 20:10:55.069, address=Address [id=136, street=kumaran, city=Coimbatore, postal_code=452352]]]]>
              </value>
            </param>
            <param index="1">
              <value>
                <![CDATA[7]]>
              </value>
            </param>
            <param index="2">
              <value>
                <![CDATA[[PERSON_IDENTIFICATION]]]>
              </value>
            </param>
          </params>
          <reporter-output>
          </reporter-output>
        </test-method> <!-- testupdate -->
        <test-method status="PASS" signature="testupdate(com.objectfrontier.training.webservices.model.Person, int, java.util.List)[pri:5, instance:com.objectfrontier.training.webservices.test.PersonServiceTest@100fc185]" name="testupdate" duration-ms="25" started-at="2018-11-29T20:10:56Z" data-provider="update" finished-at="2018-11-29T20:10:56Z">
          <params>
            <param index="0">
              <value>
                <![CDATA[Person [id=1020, firstname=assdv, lastname=shygtdh, email=osaru@outlook.com, dob=17-09-1998, createdDate=2018-11-29 20:10:55.069, address=Address [id=137, street=kumaran, city=Coimbatore, postal_code=452353]]]]>
              </value>
            </param>
            <param index="1">
              <value>
                <![CDATA[8]]>
              </value>
            </param>
            <param index="2">
              <value>
                <![CDATA[[PERSON_IDENTIFICATION]]]>
              </value>
            </param>
          </params>
          <reporter-output>
          </reporter-output>
        </test-method> <!-- testupdate -->
        <test-method status="PASS" signature="testupdate(com.objectfrontier.training.webservices.model.Person, int, java.util.List)[pri:5, instance:com.objectfrontier.training.webservices.test.PersonServiceTest@100fc185]" name="testupdate" duration-ms="36" started-at="2018-11-29T20:10:56Z" data-provider="update" finished-at="2018-11-29T20:10:56Z">
          <params>
            <param index="0">
              <value>
                <![CDATA[Person [id=86, firstname=asdg, lastname=dvbsd, email=murdocj@aol.com, dob=18-09-1998, createdDate=2018-11-29 20:10:55.069, address=Address [id=138, street=kumaran, city=Coimbatore, postal_code=452354]]]]>
              </value>
            </param>
            <param index="1">
              <value>
                <![CDATA[9]]>
              </value>
            </param>
            <param index="2">
              <value>
                <![CDATA[[PERSON_IDENTIFICATION]]]>
              </value>
            </param>
          </params>
          <reporter-output>
          </reporter-output>
        </test-method> <!-- testupdate -->
        <test-method status="PASS" signature="testupdate(com.objectfrontier.training.webservices.model.Person, int, java.util.List)[pri:5, instance:com.objectfrontier.training.webservices.test.PersonServiceTest@100fc185]" name="testupdate" duration-ms="14" started-at="2018-11-29T20:10:56Z" data-provider="update" finished-at="2018-11-29T20:10:56Z">
          <params>
            <param index="0">
              <value>
                <![CDATA[Person [id=1020, firstname=asdv, lastname=gsa, email=jacks@aol.com, dob=19-09-1998, createdDate=2018-11-29 20:10:55.069, address=Address [id=139, street=kumaran, city=Coimbatore, postal_code=452355]]]]>
              </value>
            </param>
            <param index="1">
              <value>
                <![CDATA[10]]>
              </value>
            </param>
            <param index="2">
              <value>
                <![CDATA[[PERSON_IDENTIFICATION]]]>
              </value>
            </param>
          </params>
          <reporter-output>
          </reporter-output>
        </test-method> <!-- testupdate -->
        <test-method status="PASS" signature="testupdate(com.objectfrontier.training.webservices.model.Person, int, java.util.List)[pri:5, instance:com.objectfrontier.training.webservices.test.PersonServiceTest@100fc185]" name="testupdate" duration-ms="30" started-at="2018-11-29T20:10:56Z" data-provider="update" finished-at="2018-11-29T20:10:56Z">
          <params>
            <param index="0">
              <value>
                <![CDATA[Person [id=88, firstname=asvd, lastname=gfsergseg, email=avalon@optonline.net, dob=20-09-1998, createdDate=2018-11-29 20:10:55.069, address=Address [id=140, street=kumaran, city=Coimbatore, postal_code=452356]]]]>
              </value>
            </param>
            <param index="1">
              <value>
                <![CDATA[11]]>
              </value>
            </param>
            <param index="2">
              <value>
                <![CDATA[[PERSON_IDENTIFICATION]]]>
              </value>
            </param>
          </params>
          <reporter-output>
          </reporter-output>
        </test-method> <!-- testupdate -->
        <test-method status="PASS" signature="testupdate(com.objectfrontier.training.webservices.model.Person, int, java.util.List)[pri:5, instance:com.objectfrontier.training.webservices.test.PersonServiceTest@100fc185]" name="testupdate" duration-ms="14" started-at="2018-11-29T20:10:56Z" data-provider="update" finished-at="2018-11-29T20:10:56Z">
          <params>
            <param index="0">
              <value>
                <![CDATA[Person [id=1020, firstname=rt, lastname=sdfgsgr, email=matthijs@verizon.net, dob=21-09-1998, createdDate=2018-11-29 20:10:55.069, address=Address [id=141, street=kumaran, city=Coimbatore, postal_code=452357]]]]>
              </value>
            </param>
            <param index="1">
              <value>
                <![CDATA[12]]>
              </value>
            </param>
            <param index="2">
              <value>
                <![CDATA[[PERSON_IDENTIFICATION]]]>
              </value>
            </param>
          </params>
          <reporter-output>
          </reporter-output>
        </test-method> <!-- testupdate -->
        <test-method status="PASS" signature="testupdate(com.objectfrontier.training.webservices.model.Person, int, java.util.List)[pri:5, instance:com.objectfrontier.training.webservices.test.PersonServiceTest@100fc185]" name="testupdate" duration-ms="32" started-at="2018-11-29T20:10:56Z" data-provider="update" finished-at="2018-11-29T20:10:56Z">
          <params>
            <param index="0">
              <value>
                <![CDATA[Person [id=90, firstname=assve, lastname=asfdgvszfgh, email=cameron@outlook.com, dob=22-09-1998, createdDate=2018-11-29 20:10:55.069, address=Address [id=142, street=kumaran, city=Coimbatore, postal_code=452358]]]]>
              </value>
            </param>
            <param index="1">
              <value>
                <![CDATA[13]]>
              </value>
            </param>
            <param index="2">
              <value>
                <![CDATA[[PERSON_IDENTIFICATION]]]>
              </value>
            </param>
          </params>
          <reporter-output>
          </reporter-output>
        </test-method> <!-- testupdate -->
        <test-method status="PASS" signature="testupdate(com.objectfrontier.training.webservices.model.Person, int, java.util.List)[pri:5, instance:com.objectfrontier.training.webservices.test.PersonServiceTest@100fc185]" name="testupdate" duration-ms="16" started-at="2018-11-29T20:10:56Z" data-provider="update" finished-at="2018-11-29T20:10:56Z">
          <params>
            <param index="0">
              <value>
                <![CDATA[Person [id=1020, firstname=wert, lastname=shsdghz, email=breegster@me.com, dob=23-09-1998, createdDate=2018-11-29 20:10:55.069, address=Address [id=143, street=kumaran, city=Coimbatore, postal_code=452359]]]]>
              </value>
            </param>
            <param index="1">
              <value>
                <![CDATA[14]]>
              </value>
            </param>
            <param index="2">
              <value>
                <![CDATA[[PERSON_IDENTIFICATION]]]>
              </value>
            </param>
          </params>
          <reporter-output>
          </reporter-output>
        </test-method> <!-- testupdate -->
        <test-method status="PASS" signature="testdelete(com.objectfrontier.training.webservices.model.Person, java.util.List)[pri:6, instance:com.objectfrontier.training.webservices.test.PersonServiceTest@100fc185]" name="testdelete" duration-ms="18" started-at="2018-11-29T20:10:56Z" data-provider="delete" finished-at="2018-11-29T20:10:56Z">
          <params>
            <param index="0">
              <value>
                <![CDATA[Person [id=1020, firstname=karthick, lastname=karu, email=north@optonline.net, dob=23-10-1996, createdDate=2018-11-29 20:10:55.068, address=Address [id=129, street=kumaran, city=Coimbatore, postal_code=452345]]]]>
              </value>
            </param>
            <param index="1">
              <value>
                <![CDATA[[PERSON_IDENTIFICATION]]]>
              </value>
            </param>
          </params>
          <reporter-output>
          </reporter-output>
        </test-method> <!-- testdelete -->
        <test-method status="PASS" signature="testdelete(com.objectfrontier.training.webservices.model.Person, java.util.List)[pri:6, instance:com.objectfrontier.training.webservices.test.PersonServiceTest@100fc185]" name="testdelete" duration-ms="33" started-at="2018-11-29T20:10:56Z" data-provider="delete" finished-at="2018-11-29T20:10:56Z">
          <params>
            <param index="0">
              <value>
                <![CDATA[Person [id=78, firstname=xcg, lastname=fgty, email=nweaver@sbcglobal.net, dob=23-10-1996, createdDate=2018-11-29 20:10:55.069, address=Address [id=130, street=kumaran, city=Coimbatore, postal_code=452346]]]]>
              </value>
            </param>
            <param index="1">
              <value>
                <![CDATA[[PERSON_IDENTIFICATION]]]>
              </value>
            </param>
          </params>
          <reporter-output>
          </reporter-output>
        </test-method> <!-- testdelete -->
        <test-method status="PASS" signature="testdelete(com.objectfrontier.training.webservices.model.Person, java.util.List)[pri:6, instance:com.objectfrontier.training.webservices.test.PersonServiceTest@100fc185]" name="testdelete" duration-ms="13" started-at="2018-11-29T20:10:56Z" data-provider="delete" finished-at="2018-11-29T20:10:56Z">
          <params>
            <param index="0">
              <value>
                <![CDATA[Person [id=1020, firstname=gvfzxcv, lastname=rth, email=maratb@yahoo.ca, dob=23-10-1996, createdDate=2018-11-29 20:10:55.069, address=Address [id=131, street=kumaran, city=Coimbatore, postal_code=452347]]]]>
              </value>
            </param>
            <param index="1">
              <value>
                <![CDATA[[PERSON_IDENTIFICATION]]]>
              </value>
            </param>
          </params>
          <reporter-output>
          </reporter-output>
        </test-method> <!-- testdelete -->
        <test-method status="PASS" signature="testdelete(com.objectfrontier.training.webservices.model.Person, java.util.List)[pri:6, instance:com.objectfrontier.training.webservices.test.PersonServiceTest@100fc185]" name="testdelete" duration-ms="32" started-at="2018-11-29T20:10:56Z" data-provider="delete" finished-at="2018-11-29T20:10:56Z">
          <params>
            <param index="0">
              <value>
                <![CDATA[Person [id=80, firstname=asdg, lastname=gfh, email=johnbob@verizon.net, dob=23-10-1996, createdDate=2018-11-29 20:10:55.069, address=Address [id=132, street=kumaran, city=Coimbatore, postal_code=452348]]]]>
              </value>
            </param>
            <param index="1">
              <value>
                <![CDATA[[PERSON_IDENTIFICATION]]]>
              </value>
            </param>
          </params>
          <reporter-output>
          </reporter-output>
        </test-method> <!-- testdelete -->
        <test-method status="PASS" signature="testdelete(com.objectfrontier.training.webservices.model.Person, java.util.List)[pri:6, instance:com.objectfrontier.training.webservices.test.PersonServiceTest@100fc185]" name="testdelete" duration-ms="13" started-at="2018-11-29T20:10:56Z" data-provider="delete" finished-at="2018-11-29T20:10:56Z">
          <params>
            <param index="0">
              <value>
                <![CDATA[Person [id=1020, firstname=rtgwerg, lastname=dfgh, email=mnemonic@yahoo.ca, dob=13-09-1998, createdDate=2018-11-29 20:10:55.069, address=Address [id=133, street=kumaran, city=Coimbatore, postal_code=452349]]]]>
              </value>
            </param>
            <param index="1">
              <value>
                <![CDATA[[PERSON_IDENTIFICATION]]]>
              </value>
            </param>
          </params>
          <reporter-output>
          </reporter-output>
        </test-method> <!-- testdelete -->
        <test-method status="PASS" signature="testdelete(com.objectfrontier.training.webservices.model.Person, java.util.List)[pri:6, instance:com.objectfrontier.training.webservices.test.PersonServiceTest@100fc185]" name="testdelete" duration-ms="31" started-at="2018-11-29T20:10:56Z" data-provider="delete" finished-at="2018-11-29T20:10:56Z">
          <params>
            <param index="0">
              <value>
                <![CDATA[Person [id=82, firstname=fgserg, lastname=sdfg, email=ryanvm@outlook.com, dob=14-09-1998, createdDate=2018-11-29 20:10:55.069, address=Address [id=134, street=kumaran, city=Coimbatore, postal_code=452350]]]]>
              </value>
            </param>
            <param index="1">
              <value>
                <![CDATA[[PERSON_IDENTIFICATION]]]>
              </value>
            </param>
          </params>
          <reporter-output>
          </reporter-output>
        </test-method> <!-- testdelete -->
        <test-method status="PASS" signature="testdelete(com.objectfrontier.training.webservices.model.Person, java.util.List)[pri:6, instance:com.objectfrontier.training.webservices.test.PersonServiceTest@100fc185]" name="testdelete" duration-ms="13" started-at="2018-11-29T20:10:56Z" data-provider="delete" finished-at="2018-11-29T20:10:56Z">
          <params>
            <param index="0">
              <value>
                <![CDATA[Person [id=1020, firstname=agdvsag, lastname=yhr, email=dkeeler@att.net, dob=15-09-1998, createdDate=2018-11-29 20:10:55.069, address=Address [id=135, street=kumaran, city=Coimbatore, postal_code=452351]]]]>
              </value>
            </param>
            <param index="1">
              <value>
                <![CDATA[[PERSON_IDENTIFICATION]]]>
              </value>
            </param>
          </params>
          <reporter-output>
          </reporter-output>
        </test-method> <!-- testdelete -->
        <test-method status="PASS" signature="testdelete(com.objectfrontier.training.webservices.model.Person, java.util.List)[pri:6, instance:com.objectfrontier.training.webservices.test.PersonServiceTest@100fc185]" name="testdelete" duration-ms="32" started-at="2018-11-29T20:10:56Z" data-provider="delete" finished-at="2018-11-29T20:10:56Z">
          <params>
            <param index="0">
              <value>
                <![CDATA[Person [id=84, firstname=agdvags, lastname=eygb, email=marin@att.net, dob=16-09-1998, createdDate=2018-11-29 20:10:55.069, address=Address [id=136, street=kumaran, city=Coimbatore, postal_code=452352]]]]>
              </value>
            </param>
            <param index="1">
              <value>
                <![CDATA[[PERSON_IDENTIFICATION]]]>
              </value>
            </param>
          </params>
          <reporter-output>
          </reporter-output>
        </test-method> <!-- testdelete -->
        <test-method status="PASS" signature="testdelete(com.objectfrontier.training.webservices.model.Person, java.util.List)[pri:6, instance:com.objectfrontier.training.webservices.test.PersonServiceTest@100fc185]" name="testdelete" duration-ms="28" started-at="2018-11-29T20:10:56Z" data-provider="delete" finished-at="2018-11-29T20:10:56Z">
          <params>
            <param index="0">
              <value>
                <![CDATA[Person [id=1020, firstname=assdv, lastname=shygtdh, email=osaru@outlook.com, dob=17-09-1998, createdDate=2018-11-29 20:10:55.069, address=Address [id=137, street=kumaran, city=Coimbatore, postal_code=452353]]]]>
              </value>
            </param>
            <param index="1">
              <value>
                <![CDATA[[PERSON_IDENTIFICATION]]]>
              </value>
            </param>
          </params>
          <reporter-output>
          </reporter-output>
        </test-method> <!-- testdelete -->
        <test-method status="PASS" signature="testdelete(com.objectfrontier.training.webservices.model.Person, java.util.List)[pri:6, instance:com.objectfrontier.training.webservices.test.PersonServiceTest@100fc185]" name="testdelete" duration-ms="34" started-at="2018-11-29T20:10:56Z" data-provider="delete" finished-at="2018-11-29T20:10:56Z">
          <params>
            <param index="0">
              <value>
                <![CDATA[Person [id=86, firstname=asdg, lastname=dvbsd, email=murdocj@aol.com, dob=18-09-1998, createdDate=2018-11-29 20:10:55.069, address=Address [id=138, street=kumaran, city=Coimbatore, postal_code=452354]]]]>
              </value>
            </param>
            <param index="1">
              <value>
                <![CDATA[[PERSON_IDENTIFICATION]]]>
              </value>
            </param>
          </params>
          <reporter-output>
          </reporter-output>
        </test-method> <!-- testdelete -->
        <test-method status="PASS" signature="testdelete(com.objectfrontier.training.webservices.model.Person, java.util.List)[pri:6, instance:com.objectfrontier.training.webservices.test.PersonServiceTest@100fc185]" name="testdelete" duration-ms="16" started-at="2018-11-29T20:10:56Z" data-provider="delete" finished-at="2018-11-29T20:10:56Z">
          <params>
            <param index="0">
              <value>
                <![CDATA[Person [id=1020, firstname=asdv, lastname=gsa, email=jacks@aol.com, dob=19-09-1998, createdDate=2018-11-29 20:10:55.069, address=Address [id=139, street=kumaran, city=Coimbatore, postal_code=452355]]]]>
              </value>
            </param>
            <param index="1">
              <value>
                <![CDATA[[PERSON_IDENTIFICATION]]]>
              </value>
            </param>
          </params>
          <reporter-output>
          </reporter-output>
        </test-method> <!-- testdelete -->
        <test-method status="PASS" signature="testdelete(com.objectfrontier.training.webservices.model.Person, java.util.List)[pri:6, instance:com.objectfrontier.training.webservices.test.PersonServiceTest@100fc185]" name="testdelete" duration-ms="29" started-at="2018-11-29T20:10:56Z" data-provider="delete" finished-at="2018-11-29T20:10:56Z">
          <params>
            <param index="0">
              <value>
                <![CDATA[Person [id=88, firstname=asvd, lastname=gfsergseg, email=avalon@optonline.net, dob=20-09-1998, createdDate=2018-11-29 20:10:55.069, address=Address [id=140, street=kumaran, city=Coimbatore, postal_code=452356]]]]>
              </value>
            </param>
            <param index="1">
              <value>
                <![CDATA[[PERSON_IDENTIFICATION]]]>
              </value>
            </param>
          </params>
          <reporter-output>
          </reporter-output>
        </test-method> <!-- testdelete -->
        <test-method status="PASS" signature="testdelete(com.objectfrontier.training.webservices.model.Person, java.util.List)[pri:6, instance:com.objectfrontier.training.webservices.test.PersonServiceTest@100fc185]" name="testdelete" duration-ms="14" started-at="2018-11-29T20:10:56Z" data-provider="delete" finished-at="2018-11-29T20:10:56Z">
          <params>
            <param index="0">
              <value>
                <![CDATA[Person [id=1020, firstname=rt, lastname=sdfgsgr, email=matthijs@verizon.net, dob=21-09-1998, createdDate=2018-11-29 20:10:55.069, address=Address [id=141, street=kumaran, city=Coimbatore, postal_code=452357]]]]>
              </value>
            </param>
            <param index="1">
              <value>
                <![CDATA[[PERSON_IDENTIFICATION]]]>
              </value>
            </param>
          </params>
          <reporter-output>
          </reporter-output>
        </test-method> <!-- testdelete -->
        <test-method status="PASS" signature="testdelete(com.objectfrontier.training.webservices.model.Person, java.util.List)[pri:6, instance:com.objectfrontier.training.webservices.test.PersonServiceTest@100fc185]" name="testdelete" duration-ms="55" started-at="2018-11-29T20:10:56Z" data-provider="delete" finished-at="2018-11-29T20:10:56Z">
          <params>
            <param index="0">
              <value>
                <![CDATA[Person [id=90, firstname=assve, lastname=asfdgvszfgh, email=cameron@outlook.com, dob=22-09-1998, createdDate=2018-11-29 20:10:55.069, address=Address [id=142, street=kumaran, city=Coimbatore, postal_code=452358]]]]>
              </value>
            </param>
            <param index="1">
              <value>
                <![CDATA[[PERSON_IDENTIFICATION]]]>
              </value>
            </param>
          </params>
          <reporter-output>
          </reporter-output>
        </test-method> <!-- testdelete -->
        <test-method status="PASS" signature="testdelete(com.objectfrontier.training.webservices.model.Person, java.util.List)[pri:6, instance:com.objectfrontier.training.webservices.test.PersonServiceTest@100fc185]" name="testdelete" duration-ms="16" started-at="2018-11-29T20:10:56Z" data-provider="delete" finished-at="2018-11-29T20:10:56Z">
          <params>
            <param index="0">
              <value>
                <![CDATA[Person [id=1020, firstname=wert, lastname=shsdghz, email=breegster@me.com, dob=23-09-1998, createdDate=2018-11-29 20:10:55.069, address=Address [id=143, street=kumaran, city=Coimbatore, postal_code=452359]]]]>
              </value>
            </param>
            <param index="1">
              <value>
                <![CDATA[[PERSON_IDENTIFICATION]]]>
              </value>
            </param>
          </params>
          <reporter-output>
          </reporter-output>
        </test-method> <!-- testdelete -->
        <test-method status="PASS" signature="releaseDb()[pri:0, instance:com.objectfrontier.training.webservices.test.PersonServiceTest@100fc185]" name="releaseDb" is-config="true" duration-ms="0" started-at="2018-11-29T20:10:56Z" finished-at="2018-11-29T20:10:56Z">
          <reporter-output>
          </reporter-output>
        </test-method> <!-- releaseDb -->
        <test-method status="PASS" signature="stopServer()[pri:0, instance:com.objectfrontier.training.webservices.test.PersonServiceTest@100fc185]" name="stopServer" is-config="true" duration-ms="13" started-at="2018-11-29T20:10:56Z" finished-at="2018-11-29T20:10:56Z">
          <reporter-output>
          </reporter-output>
        </test-method> <!-- stopServer -->
      </class> <!-- com.objectfrontier.training.webservices.test.PersonServiceTest -->
    </test> <!-- Default test -->
  </suite> <!-- Default suite -->
</testng-results>
