<?xml version="1.0" encoding="UTF-8"?>
<!-- Generated by org.testng.reporters.JUnitXMLReporter -->
<testsuite hostname="RPC163" name="Default test" tests="5" failures="0" timestamp="7 Jan 2019 12:09:47 GMT" time="0.178" errors="0">
  <testcase name="createTest" time="0.141" classname="com.objectfrontier.training.test.PersonServiceTest"/>
  <testcase name="createTestNegative" time="0.003" classname="com.objectfrontier.training.test.PersonServiceTest"/>
  <testcase name="deleteTest" time="0.001" classname="com.objectfrontier.training.test.PersonServiceTest"/>
  <testcase name="readTest" time="0.002" classname="com.objectfrontier.training.test.PersonServiceTest"/>
  <testcase name="updateTest" time="0.001" classname="com.objectfrontier.training.test.PersonServiceTest"/>
</testsuite> <!-- Default test -->
