<?xml version="1.0" encoding="UTF-8"?>
<!-- Generated by org.testng.reporters.JUnitXMLReporter -->
<testsuite hostname="RPC163" name="Default test" tests="53" failures="0" timestamp="29 Nov 2018 14:40:56 GMT" time="2.357" errors="0">
  <testcase name="testcreate_positive" time="0.095" classname="com.objectfrontier.training.webservices.test.PersonServiceTest"/>
  <testcase name="testcreate_positive" time="0.051" classname="com.objectfrontier.training.webservices.test.PersonServiceTest"/>
  <testcase name="testcreate_positive" time="0.036" classname="com.objectfrontier.training.webservices.test.PersonServiceTest"/>
  <testcase name="testcreate_positive" time="0.037" classname="com.objectfrontier.training.webservices.test.PersonServiceTest"/>
  <testcase name="testcreate_positive" time="0.037" classname="com.objectfrontier.training.webservices.test.PersonServiceTest"/>
  <testcase name="testcreate_positive" time="0.038" classname="com.objectfrontier.training.webservices.test.PersonServiceTest"/>
  <testcase name="testcreate_positive" time="0.036" classname="com.objectfrontier.training.webservices.test.PersonServiceTest"/>
  <testcase name="testcreate_positive" time="0.055" classname="com.objectfrontier.training.webservices.test.PersonServiceTest"/>
  <testcase name="testcreate_positive" time="0.033" classname="com.objectfrontier.training.webservices.test.PersonServiceTest"/>
  <testcase name="testcreate_positive" time="0.029" classname="com.objectfrontier.training.webservices.test.PersonServiceTest"/>
  <testcase name="testcreate_positive" time="0.03" classname="com.objectfrontier.training.webservices.test.PersonServiceTest"/>
  <testcase name="testcreate_positive" time="0.036" classname="com.objectfrontier.training.webservices.test.PersonServiceTest"/>
  <testcase name="testcreate_positive" time="0.03" classname="com.objectfrontier.training.webservices.test.PersonServiceTest"/>
  <testcase name="testcreate_positive" time="0.036" classname="com.objectfrontier.training.webservices.test.PersonServiceTest"/>
  <testcase name="testcreate_positive" time="0.037" classname="com.objectfrontier.training.webservices.test.PersonServiceTest"/>
  <testcase name="testcreate_negative" time="0.024" classname="com.objectfrontier.training.webservices.test.PersonServiceTest"/>
  <testcase name="testcreate_negative" time="0.015" classname="com.objectfrontier.training.webservices.test.PersonServiceTest"/>
  <testcase name="testcreate_negative" time="0.044" classname="com.objectfrontier.training.webservices.test.PersonServiceTest"/>
  <testcase name="testcreate_negative" time="0.018" classname="com.objectfrontier.training.webservices.test.PersonServiceTest"/>
  <testcase name="testcreate_negative" time="0.014" classname="com.objectfrontier.training.webservices.test.PersonServiceTest"/>
  <testcase name="testread" time="0.016" classname="com.objectfrontier.training.webservices.test.PersonServiceTest"/>
  <testcase name="testread" time="0.015" classname="com.objectfrontier.training.webservices.test.PersonServiceTest"/>
  <testcase name="testreadAll" time="0.026" classname="com.objectfrontier.training.webservices.test.PersonServiceTest"/>
  <testcase name="testupdate" time="0.02" classname="com.objectfrontier.training.webservices.test.PersonServiceTest"/>
  <testcase name="testupdate" time="0.026" classname="com.objectfrontier.training.webservices.test.PersonServiceTest"/>
  <testcase name="testupdate" time="0.017" classname="com.objectfrontier.training.webservices.test.PersonServiceTest"/>
  <testcase name="testupdate" time="0.028" classname="com.objectfrontier.training.webservices.test.PersonServiceTest"/>
  <testcase name="testupdate" time="0.014" classname="com.objectfrontier.training.webservices.test.PersonServiceTest"/>
  <testcase name="testupdate" time="0.03" classname="com.objectfrontier.training.webservices.test.PersonServiceTest"/>
  <testcase name="testupdate" time="0.013" classname="com.objectfrontier.training.webservices.test.PersonServiceTest"/>
  <testcase name="testupdate" time="0.031" classname="com.objectfrontier.training.webservices.test.PersonServiceTest"/>
  <testcase name="testupdate" time="0.025" classname="com.objectfrontier.training.webservices.test.PersonServiceTest"/>
  <testcase name="testupdate" time="0.036" classname="com.objectfrontier.training.webservices.test.PersonServiceTest"/>
  <testcase name="testupdate" time="0.014" classname="com.objectfrontier.training.webservices.test.PersonServiceTest"/>
  <testcase name="testupdate" time="0.03" classname="com.objectfrontier.training.webservices.test.PersonServiceTest"/>
  <testcase name="testupdate" time="0.014" classname="com.objectfrontier.training.webservices.test.PersonServiceTest"/>
  <testcase name="testupdate" time="0.032" classname="com.objectfrontier.training.webservices.test.PersonServiceTest"/>
  <testcase name="testupdate" time="0.016" classname="com.objectfrontier.training.webservices.test.PersonServiceTest"/>
  <testcase name="testdelete" time="0.018" classname="com.objectfrontier.training.webservices.test.PersonServiceTest"/>
  <testcase name="testdelete" time="0.033" classname="com.objectfrontier.training.webservices.test.PersonServiceTest"/>
  <testcase name="testdelete" time="0.013" classname="com.objectfrontier.training.webservices.test.PersonServiceTest"/>
  <testcase name="testdelete" time="0.032" classname="com.objectfrontier.training.webservices.test.PersonServiceTest"/>
  <testcase name="testdelete" time="0.013" classname="com.objectfrontier.training.webservices.test.PersonServiceTest"/>
  <testcase name="testdelete" time="0.031" classname="com.objectfrontier.training.webservices.test.PersonServiceTest"/>
  <testcase name="testdelete" time="0.013" classname="com.objectfrontier.training.webservices.test.PersonServiceTest"/>
  <testcase name="testdelete" time="0.032" classname="com.objectfrontier.training.webservices.test.PersonServiceTest"/>
  <testcase name="testdelete" time="0.028" classname="com.objectfrontier.training.webservices.test.PersonServiceTest"/>
  <testcase name="testdelete" time="0.034" classname="com.objectfrontier.training.webservices.test.PersonServiceTest"/>
  <testcase name="testdelete" time="0.016" classname="com.objectfrontier.training.webservices.test.PersonServiceTest"/>
  <testcase name="testdelete" time="0.029" classname="com.objectfrontier.training.webservices.test.PersonServiceTest"/>
  <testcase name="testdelete" time="0.014" classname="com.objectfrontier.training.webservices.test.PersonServiceTest"/>
  <testcase name="testdelete" time="0.055" classname="com.objectfrontier.training.webservices.test.PersonServiceTest"/>
  <testcase name="testdelete" time="0.016" classname="com.objectfrontier.training.webservices.test.PersonServiceTest"/>
</testsuite> <!-- Default test -->
